2021-08-30 18:36:57 DEBUG - Got browser profile options from settings file: 
{disable-popup-blocking=true, profile.default_content_settings.popups=0, download.prompt_for_download=false, intl.accept_languages=en, safebrowsing.enabled=true, download.default_directory=//home//selenium//downloads}
2021-08-30 18:36:57 DEBUG - Got browser capabilities from settings file: 
{enableVNC=true}
2021-08-30 18:36:58 DEBUG - Set '15' timeout in seconds for loading of pages
2021-08-30 18:36:58 DEBUG - Set async javascript execution timeout '10' in seconds
2021-08-30 18:36:58 INFO  - Browser 'CHROME' ready...
2021-08-30 18:36:58 INFO  - Navigate to url - 'http://the-internet.herokuapp.com/windows'
2021-08-30 18:37:01 INFO  - Waiting for page to load
2021-08-30 18:37:01 INFO  - Link 'Click here link' :: Clicking
2021-08-30 18:37:01 INFO  - Waiting for page to load
2021-08-30 18:37:01 INFO  - Waiting for page to load
2021-08-30 18:38:36 DEBUG - Got browser profile options from settings file: 
{disable-popup-blocking=true, profile.default_content_settings.popups=0, download.prompt_for_download=false, intl.accept_languages=en, safebrowsing.enabled=true, download.default_directory=//home//selenium//downloads}
2021-08-30 18:38:36 DEBUG - Got browser capabilities from settings file: 
{enableVNC=true}
2021-08-30 18:38:37 DEBUG - Set '15' timeout in seconds for loading of pages
2021-08-30 18:38:37 DEBUG - Set async javascript execution timeout '10' in seconds
2021-08-30 18:38:37 INFO  - Browser 'CHROME' ready...
2021-08-30 18:38:37 INFO  - Navigate to url - 'http://the-internet.herokuapp.com/windows'
2021-08-30 18:38:39 INFO  - Waiting for page to load
2021-08-30 18:38:39 INFO  - Link 'Click here link' :: Clicking
2021-08-30 18:38:39 INFO  - Waiting for page to load
2021-08-30 18:38:39 INFO  - Waiting for page to load
2021-08-30 18:38:39 INFO  - Label 'New window label' :: Getting text from element
2021-08-30 18:39:09 DEBUG - Page source:
<html class="no-js" lang="en"><!--<![endif]--><head>
    <script src="/js/vendor/298279967.js"></script>
    <meta charset="utf-8">
    <meta name="viewport" content="width=device-width">
    <title>The Internet</title>
    <link href="/css/app.css" rel="stylesheet">
    <link href="/css/font-awesome.css" rel="stylesheet">
    <script src="/js/vendor/jquery-1.11.3.min.js"></script>
    <script src="/js/vendor/jquery-ui-1.11.4/jquery-ui.js"></script>
    <script src="/js/foundation/foundation.js"></script><meta class="foundation-mq-small"><meta class="foundation-mq-medium"><meta class="foundation-mq-large"><style></style>
    <script src="/js/foundation/foundation.alerts.js"></script>
    <script>
      $(document).foundation();
    </script>
  </head>
  <body>
    <div class="row">
      <div id="flash-messages" class="large-12 columns">
      
        
      
        
      
        
      
      </div>
    </div>
    <div class="row">
      <a href="https://github.com/tourdedave/the-internet"><img style="position: absolute; top: 0; right: 0; border: 0;" src="/img/forkme_right_green_007200.png" alt="Fork me on GitHub"></a>
      <div id="content" class="large-12 columns">
        <div class="example">
  <h3>Opening a new window</h3>
  <a href="/windows/new" ,="" target="_blank" style="border: 3px solid red;">Click Here</a>
</div>

      </div>
    </div>
    <div id="page-footer" class="row">
      <div class="large-4 large-centered columns">
        <hr>
        <div style="text-align: center;">Powered by <a target="_blank" href="http://elementalselenium.com/">Elemental Selenium</a></div>
      </div>
    </div>
  

</body></html>
org.openqa.selenium.NoSuchElementException: No elements with locator 'By.xpath: //h3[text()='New Window']' were found in DISPLAYED state: Expected condition failed:  (tried for 30 second(s) with 300 milliseconds interval)
Build info: version: '3.141.59', revision: 'e82be7d358', time: '2018-11-14T08:17:03'
System info: host: 'DESKTOP-T58IQ4C', ip: '192.168.100.5', os.name: 'Windows 10', os.arch: 'amd64', os.version: '10.0', java.version: '16.0.1'
Driver info: org.openqa.selenium.chrome.ChromeDriver
Capabilities {acceptInsecureCerts: false, browserName: chrome, browserVersion: 92.0.4515.159, chrome: {chromedriverVersion: 92.0.4515.107 (87a818b10553..., userDataDir: C:\Users\Lenovo\AppData\Loc...}, goog:chromeOptions: {debuggerAddress: localhost:49766}, javascriptEnabled: true, networkConnectionEnabled: false, pageLoadStrategy: normal, platform: WINDOWS, platformName: WINDOWS, proxy: Proxy(), setWindowRect: true, strictFileInteractability: false, timeouts: {implicit: 0, pageLoad: 300000, script: 30000}, unhandledPromptBehavior: dismiss and notify, webauthn:extension:credBlob: true, webauthn:extension:largeBlob: true, webauthn:virtualAuthenticators: true}
Session ID: 5508960c02a5279449d9a8919b54f424
For documentation on this error, please visit: https://www.seleniumhq.org/exceptions/no_such_element.html
Build info: version: '3.141.59', revision: 'e82be7d358', time: '2018-11-14T08:17:03'
System info: host: 'DESKTOP-T58IQ4C', ip: '192.168.100.5', os.name: 'Windows 10', os.arch: 'amd64', os.version: '10.0', java.version: '16.0.1'
Driver info: driver.version: unknown
	at aquality.selenium.core.elements.ElementFinder.handleTimeoutException(ElementFinder.java:75)
	at aquality.selenium.core.elements.ElementFinder.findElements(ElementFinder.java:36)
	at aquality.selenium.core.elements.interfaces.IElementFinder.findElement(IElementFinder.java:51)
	at aquality.selenium.core.elements.Element.getElement(Element.java:95)
	at aquality.selenium.elements.Element.getElement(Element.java:84)
	at aquality.selenium.core.elements.interfaces.IElement.getElement(IElement.java:38)
	at aquality.selenium.elements.actions.JsActions.lambda$executeScript$0(JsActions.java:158)
	at aquality.selenium.core.utilities.ActionRetrier.doWithRetry(ActionRetrier.java:33)
	at aquality.selenium.core.utilities.ElementActionRetrier.doWithRetry(ElementActionRetrier.java:22)
	at aquality.selenium.elements.actions.JsActions.executeScript(JsActions.java:158)
	at aquality.selenium.elements.actions.JsActions.highlightElement(JsActions.java:55)
	at aquality.selenium.elements.actions.JsActions.highlightElement(JsActions.java:47)
	at aquality.selenium.elements.Element.getText(Element.java:117)
	at aquality.selenium.elements.Element.getText(Element.java:111)
	at steps_definition.HandlesSteps.checkPageText(HandlesSteps.java:50)
	at java.base/jdk.internal.reflect.NativeMethodAccessorImpl.invoke0(Native Method)
	at java.base/jdk.internal.reflect.NativeMethodAccessorImpl.invoke(NativeMethodAccessorImpl.java:78)
	at java.base/jdk.internal.reflect.DelegatingMethodAccessorImpl.invoke(DelegatingMethodAccessorImpl.java:43)
	at java.base/java.lang.reflect.Method.invoke(Method.java:567)
	at io.cucumber.java.Invoker.invoke(Invoker.java:27)
	at io.cucumber.java.JavaStepDefinition.execute(JavaStepDefinition.java:27)
	at io.cucumber.core.runner.PickleStepDefinitionMatch.runStep(PickleStepDefinitionMatch.java:63)
	at io.cucumber.core.runner.TestStep.executeStep(TestStep.java:64)
	at io.cucumber.core.runner.TestStep.run(TestStep.java:49)
	at io.cucumber.core.runner.PickleStepTestStep.run(PickleStepTestStep.java:46)
	at io.cucumber.core.runner.TestCase.run(TestCase.java:51)
	at io.cucumber.core.runner.Runner.runPickle(Runner.java:67)
	at io.cucumber.core.runtime.Runtime.lambda$run$2(Runtime.java:100)
	at java.base/java.util.concurrent.Executors$RunnableAdapter.call(Executors.java:515)
	at java.base/java.util.concurrent.FutureTask.run(FutureTask.java:264)
	at io.cucumber.core.runtime.Runtime$SameThreadExecutorService.execute(Runtime.java:243)
	at java.base/java.util.concurrent.AbstractExecutorService.submit(AbstractExecutorService.java:123)
	at io.cucumber.core.runtime.Runtime.lambda$run$3(Runtime.java:100)
	at java.base/java.util.stream.ReferencePipeline$3$1.accept(ReferencePipeline.java:197)
	at java.base/java.util.stream.SliceOps$1$1.accept(SliceOps.java:199)
	at java.base/java.util.ArrayList$ArrayListSpliterator.tryAdvance(ArrayList.java:1602)
	at java.base/java.util.stream.ReferencePipeline.forEachWithCancel(ReferencePipeline.java:129)
	at java.base/java.util.stream.AbstractPipeline.copyIntoWithCancel(AbstractPipeline.java:502)
	at java.base/java.util.stream.AbstractPipeline.copyInto(AbstractPipeline.java:488)
	at java.base/java.util.stream.AbstractPipeline.wrapAndCopyInto(AbstractPipeline.java:474)
	at java.base/java.util.stream.ReduceOps$ReduceOp.evaluateSequential(ReduceOps.java:913)
	at java.base/java.util.stream.AbstractPipeline.evaluate(AbstractPipeline.java:234)
	at java.base/java.util.stream.ReferencePipeline.collect(ReferencePipeline.java:682)
	at io.cucumber.core.runtime.Runtime.run(Runtime.java:101)
	at io.cucumber.core.cli.Main.run(Main.java:75)
	at io.cucumber.core.cli.Main.main(Main.java:31)
2021-08-30 18:39:09 ERROR - No elements with locator 'By.xpath: //h3[text()='New Window']' were found in DISPLAYED state: Expected condition failed:  (tried for 30 second(s) with 300 milliseconds interval)
Build info: version: '3.141.59', revision: 'e82be7d358', time: '2018-11-14T08:17:03'
System info: host: 'DESKTOP-T58IQ4C', ip: '192.168.100.5', os.name: 'Windows 10', os.arch: 'amd64', os.version: '10.0', java.version: '16.0.1'
Driver info: org.openqa.selenium.chrome.ChromeDriver
Capabilities {acceptInsecureCerts: false, browserName: chrome, browserVersion: 92.0.4515.159, chrome: {chromedriverVersion: 92.0.4515.107 (87a818b10553..., userDataDir: C:\Users\Lenovo\AppData\Loc...}, goog:chromeOptions: {debuggerAddress: localhost:49766}, javascriptEnabled: true, networkConnectionEnabled: false, pageLoadStrategy: normal, platform: WINDOWS, platformName: WINDOWS, proxy: Proxy(), setWindowRect: true, strictFileInteractability: false, timeouts: {implicit: 0, pageLoad: 300000, script: 30000}, unhandledPromptBehavior: dismiss and notify, webauthn:extension:credBlob: true, webauthn:extension:largeBlob: true, webauthn:virtualAuthenticators: true}
Session ID: 5508960c02a5279449d9a8919b54f424
For documentation on this error, please visit: https://www.seleniumhq.org/exceptions/no_such_element.html
Build info: version: '3.141.59', revision: 'e82be7d358', time: '2018-11-14T08:17:03'
System info: host: 'DESKTOP-T58IQ4C', ip: '192.168.100.5', os.name: 'Windows 10', os.arch: 'amd64', os.version: '10.0', java.version: '16.0.1'
Driver info: driver.version: unknown
2021-08-30 18:40:21 DEBUG - Got browser profile options from settings file: 
{disable-popup-blocking=true, profile.default_content_settings.popups=0, download.prompt_for_download=false, intl.accept_languages=en, safebrowsing.enabled=true, download.default_directory=//home//selenium//downloads}
2021-08-30 18:40:21 DEBUG - Got browser capabilities from settings file: 
{enableVNC=true}
2021-08-30 18:40:23 DEBUG - Set '15' timeout in seconds for loading of pages
2021-08-30 18:40:23 DEBUG - Set async javascript execution timeout '10' in seconds
2021-08-30 18:40:23 INFO  - Browser 'CHROME' ready...
2021-08-30 18:40:23 INFO  - Navigate to url - 'http://the-internet.herokuapp.com/windows'
2021-08-30 18:40:26 INFO  - Waiting for page to load
2021-08-30 18:40:26 INFO  - Link 'Click here link' :: Clicking
2021-08-30 18:40:26 INFO  - Waiting for page to load
2021-08-30 18:40:26 INFO  - Waiting for page to load
2021-08-30 18:41:22 INFO  - Label 'New window label' :: Getting text from element
2021-08-30 18:41:27 DEBUG - Got browser profile options from settings file: 
{disable-popup-blocking=true, profile.default_content_settings.popups=0, download.prompt_for_download=false, intl.accept_languages=en, safebrowsing.enabled=true, download.default_directory=//home//selenium//downloads}
2021-08-30 18:41:27 DEBUG - Got browser capabilities from settings file: 
{enableVNC=true}
2021-08-30 18:41:28 DEBUG - Set '15' timeout in seconds for loading of pages
2021-08-30 18:41:28 DEBUG - Set async javascript execution timeout '10' in seconds
2021-08-30 18:41:28 INFO  - Browser 'CHROME' ready...
2021-08-30 18:41:28 INFO  - Navigate to url - 'http://the-internet.herokuapp.com/windows'
2021-08-30 18:41:31 INFO  - Waiting for page to load
2021-08-30 18:41:31 INFO  - Link 'Click here link' :: Clicking
2021-08-30 18:41:31 INFO  - Waiting for page to load
2021-08-30 18:41:31 INFO  - Waiting for page to load
2021-08-30 18:41:50 INFO  - Label 'New window label' :: Getting text from element
2021-08-30 18:42:20 DEBUG - Page source:
<html class="no-js" lang="en"><!--<![endif]--><head>
    <script src="/js/vendor/298279967.js"></script>
    <meta charset="utf-8">
    <meta name="viewport" content="width=device-width">
    <title>The Internet</title>
    <link href="/css/app.css" rel="stylesheet">
    <link href="/css/font-awesome.css" rel="stylesheet">
    <script src="/js/vendor/jquery-1.11.3.min.js"></script>
    <script src="/js/vendor/jquery-ui-1.11.4/jquery-ui.js"></script>
    <script src="/js/foundation/foundation.js"></script><meta class="foundation-mq-small"><meta class="foundation-mq-medium"><meta class="foundation-mq-large"><style></style>
    <script src="/js/foundation/foundation.alerts.js"></script>
    <script>
      $(document).foundation();
    </script>
  </head>
  <body>
    <div class="row">
      <div id="flash-messages" class="large-12 columns">
      
        
      
        
      
        
      
      </div>
    </div>
    <div class="row">
      <a href="https://github.com/tourdedave/the-internet"><img style="position: absolute; top: 0; right: 0; border: 0;" src="/img/forkme_right_green_007200.png" alt="Fork me on GitHub"></a>
      <div id="content" class="large-12 columns">
        <div class="example">
  <h3>Opening a new window</h3>
  <a href="/windows/new" ,="" target="_blank" style="border: 3px solid red;">Click Here</a>
</div>

      </div>
    </div>
    <div id="page-footer" class="row">
      <div class="large-4 large-centered columns">
        <hr>
        <div style="text-align: center;">Powered by <a target="_blank" href="http://elementalselenium.com/">Elemental Selenium</a></div>
      </div>
    </div>
  

</body></html>
org.openqa.selenium.NoSuchElementException: No elements with locator 'By.xpath: //h3[text()='New Window']' were found in DISPLAYED state: Expected condition failed:  (tried for 30 second(s) with 300 milliseconds interval)
Build info: version: '3.141.59', revision: 'e82be7d358', time: '2018-11-14T08:17:03'
System info: host: 'DESKTOP-T58IQ4C', ip: '192.168.100.5', os.name: 'Windows 10', os.arch: 'amd64', os.version: '10.0', java.version: '16.0.1'
Driver info: org.openqa.selenium.chrome.ChromeDriver
Capabilities {acceptInsecureCerts: false, browserName: chrome, browserVersion: 92.0.4515.159, chrome: {chromedriverVersion: 92.0.4515.107 (87a818b10553..., userDataDir: C:\Users\Lenovo\AppData\Loc...}, goog:chromeOptions: {debuggerAddress: localhost:54786}, javascriptEnabled: true, networkConnectionEnabled: false, pageLoadStrategy: normal, platform: WINDOWS, platformName: WINDOWS, proxy: Proxy(), setWindowRect: true, strictFileInteractability: false, timeouts: {implicit: 0, pageLoad: 300000, script: 30000}, unhandledPromptBehavior: dismiss and notify, webauthn:extension:credBlob: true, webauthn:extension:largeBlob: true, webauthn:virtualAuthenticators: true}
Session ID: 19360ab77c6ca447c122bb3320b8933d
For documentation on this error, please visit: https://www.seleniumhq.org/exceptions/no_such_element.html
Build info: version: '3.141.59', revision: 'e82be7d358', time: '2018-11-14T08:17:03'
System info: host: 'DESKTOP-T58IQ4C', ip: '192.168.100.5', os.name: 'Windows 10', os.arch: 'amd64', os.version: '10.0', java.version: '16.0.1'
Driver info: driver.version: unknown
	at aquality.selenium.core.elements.ElementFinder.handleTimeoutException(ElementFinder.java:75)
	at aquality.selenium.core.elements.ElementFinder.findElements(ElementFinder.java:36)
	at aquality.selenium.core.elements.interfaces.IElementFinder.findElement(IElementFinder.java:51)
	at aquality.selenium.core.elements.Element.getElement(Element.java:95)
	at aquality.selenium.elements.Element.getElement(Element.java:84)
	at aquality.selenium.core.elements.interfaces.IElement.getElement(IElement.java:38)
	at aquality.selenium.elements.actions.JsActions.lambda$executeScript$0(JsActions.java:158)
	at aquality.selenium.core.utilities.ActionRetrier.doWithRetry(ActionRetrier.java:33)
	at aquality.selenium.core.utilities.ElementActionRetrier.doWithRetry(ElementActionRetrier.java:22)
	at aquality.selenium.elements.actions.JsActions.executeScript(JsActions.java:158)
	at aquality.selenium.elements.actions.JsActions.highlightElement(JsActions.java:55)
	at aquality.selenium.elements.actions.JsActions.highlightElement(JsActions.java:47)
	at aquality.selenium.elements.Element.getText(Element.java:117)
	at aquality.selenium.elements.Element.getText(Element.java:111)
	at steps_definition.HandlesSteps.checkPageText(HandlesSteps.java:50)
	at java.base/jdk.internal.reflect.NativeMethodAccessorImpl.invoke0(Native Method)
	at java.base/jdk.internal.reflect.NativeMethodAccessorImpl.invoke(NativeMethodAccessorImpl.java:78)
	at java.base/jdk.internal.reflect.DelegatingMethodAccessorImpl.invoke(DelegatingMethodAccessorImpl.java:43)
	at java.base/java.lang.reflect.Method.invoke(Method.java:567)
	at io.cucumber.java.Invoker.invoke(Invoker.java:27)
	at io.cucumber.java.JavaStepDefinition.execute(JavaStepDefinition.java:27)
	at io.cucumber.core.runner.PickleStepDefinitionMatch.runStep(PickleStepDefinitionMatch.java:63)
	at io.cucumber.core.runner.TestStep.executeStep(TestStep.java:64)
	at io.cucumber.core.runner.TestStep.run(TestStep.java:49)
	at io.cucumber.core.runner.PickleStepTestStep.run(PickleStepTestStep.java:46)
	at io.cucumber.core.runner.TestCase.run(TestCase.java:51)
	at io.cucumber.core.runner.Runner.runPickle(Runner.java:67)
	at io.cucumber.core.runtime.Runtime.lambda$run$2(Runtime.java:100)
	at java.base/java.util.concurrent.Executors$RunnableAdapter.call(Executors.java:515)
	at java.base/java.util.concurrent.FutureTask.run$$$capture(FutureTask.java:264)
	at java.base/java.util.concurrent.FutureTask.run(FutureTask.java)
	at io.cucumber.core.runtime.Runtime$SameThreadExecutorService.execute(Runtime.java:243)
	at java.base/java.util.concurrent.AbstractExecutorService.submit(AbstractExecutorService.java:123)
	at io.cucumber.core.runtime.Runtime.lambda$run$3(Runtime.java:100)
	at java.base/java.util.stream.ReferencePipeline$3$1.accept(ReferencePipeline.java:197)
	at java.base/java.util.stream.SliceOps$1$1.accept(SliceOps.java:199)
	at java.base/java.util.ArrayList$ArrayListSpliterator.tryAdvance(ArrayList.java:1602)
	at java.base/java.util.stream.ReferencePipeline.forEachWithCancel(ReferencePipeline.java:129)
	at java.base/java.util.stream.AbstractPipeline.copyIntoWithCancel(AbstractPipeline.java:502)
	at java.base/java.util.stream.AbstractPipeline.copyInto(AbstractPipeline.java:488)
	at java.base/java.util.stream.AbstractPipeline.wrapAndCopyInto(AbstractPipeline.java:474)
	at java.base/java.util.stream.ReduceOps$ReduceOp.evaluateSequential(ReduceOps.java:913)
	at java.base/java.util.stream.AbstractPipeline.evaluate(AbstractPipeline.java:234)
	at java.base/java.util.stream.ReferencePipeline.collect(ReferencePipeline.java:682)
	at io.cucumber.core.runtime.Runtime.run(Runtime.java:101)
	at io.cucumber.core.cli.Main.run(Main.java:75)
	at io.cucumber.core.cli.Main.main(Main.java:31)
2021-08-30 18:42:20 ERROR - No elements with locator 'By.xpath: //h3[text()='New Window']' were found in DISPLAYED state: Expected condition failed:  (tried for 30 second(s) with 300 milliseconds interval)
Build info: version: '3.141.59', revision: 'e82be7d358', time: '2018-11-14T08:17:03'
System info: host: 'DESKTOP-T58IQ4C', ip: '192.168.100.5', os.name: 'Windows 10', os.arch: 'amd64', os.version: '10.0', java.version: '16.0.1'
Driver info: org.openqa.selenium.chrome.ChromeDriver
Capabilities {acceptInsecureCerts: false, browserName: chrome, browserVersion: 92.0.4515.159, chrome: {chromedriverVersion: 92.0.4515.107 (87a818b10553..., userDataDir: C:\Users\Lenovo\AppData\Loc...}, goog:chromeOptions: {debuggerAddress: localhost:54786}, javascriptEnabled: true, networkConnectionEnabled: false, pageLoadStrategy: normal, platform: WINDOWS, platformName: WINDOWS, proxy: Proxy(), setWindowRect: true, strictFileInteractability: false, timeouts: {implicit: 0, pageLoad: 300000, script: 30000}, unhandledPromptBehavior: dismiss and notify, webauthn:extension:credBlob: true, webauthn:extension:largeBlob: true, webauthn:virtualAuthenticators: true}
Session ID: 19360ab77c6ca447c122bb3320b8933d
For documentation on this error, please visit: https://www.seleniumhq.org/exceptions/no_such_element.html
Build info: version: '3.141.59', revision: 'e82be7d358', time: '2018-11-14T08:17:03'
System info: host: 'DESKTOP-T58IQ4C', ip: '192.168.100.5', os.name: 'Windows 10', os.arch: 'amd64', os.version: '10.0', java.version: '16.0.1'
Driver info: driver.version: unknown
2021-08-30 18:46:44 DEBUG - Got browser profile options from settings file: 
{disable-popup-blocking=true, profile.default_content_settings.popups=0, download.prompt_for_download=false, intl.accept_languages=en, safebrowsing.enabled=true, download.default_directory=//home//selenium//downloads}
2021-08-30 18:46:44 DEBUG - Got browser capabilities from settings file: 
{enableVNC=true}
2021-08-30 18:46:45 DEBUG - Set '15' timeout in seconds for loading of pages
2021-08-30 18:46:45 DEBUG - Set async javascript execution timeout '10' in seconds
2021-08-30 18:46:45 INFO  - Browser 'CHROME' ready...
2021-08-30 18:46:45 INFO  - Navigate to url - 'http://the-internet.herokuapp.com/windows'
2021-08-30 18:46:48 INFO  - Waiting for page to load
2021-08-30 18:46:48 INFO  - Link 'Click here link' :: Clicking
2021-08-30 18:46:48 INFO  - Waiting for page to load
2021-08-30 18:46:48 INFO  - Waiting for page to load
2021-08-30 18:46:48 INFO  - Label 'New window label' :: Getting text from element
2021-08-30 18:47:18 DEBUG - Page source:
<html class="no-js" lang="en"><!--<![endif]--><head>
    <script src="/js/vendor/298279967.js"></script>
    <meta charset="utf-8">
    <meta name="viewport" content="width=device-width">
    <title>The Internet</title>
    <link href="/css/app.css" rel="stylesheet">
    <link href="/css/font-awesome.css" rel="stylesheet">
    <script src="/js/vendor/jquery-1.11.3.min.js"></script>
    <script src="/js/vendor/jquery-ui-1.11.4/jquery-ui.js"></script>
    <script src="/js/foundation/foundation.js"></script><meta class="foundation-mq-small"><meta class="foundation-mq-medium"><meta class="foundation-mq-large"><style></style>
    <script src="/js/foundation/foundation.alerts.js"></script>
    <script>
      $(document).foundation();
    </script>
  </head>
  <body>
    <div class="row">
      <div id="flash-messages" class="large-12 columns">
      
        
      
        
      
        
      
      </div>
    </div>
    <div class="row">
      <a href="https://github.com/tourdedave/the-internet"><img style="position: absolute; top: 0; right: 0; border: 0;" src="/img/forkme_right_green_007200.png" alt="Fork me on GitHub"></a>
      <div id="content" class="large-12 columns">
        <div class="example">
  <h3>Opening a new window</h3>
  <a href="/windows/new" ,="" target="_blank" style="border: 3px solid red;">Click Here</a>
</div>

      </div>
    </div>
    <div id="page-footer" class="row">
      <div class="large-4 large-centered columns">
        <hr>
        <div style="text-align: center;">Powered by <a target="_blank" href="http://elementalselenium.com/">Elemental Selenium</a></div>
      </div>
    </div>
  

</body></html>
org.openqa.selenium.NoSuchElementException: No elements with locator 'By.xpath: //h3[text()='New Window']' were found in DISPLAYED state: Expected condition failed:  (tried for 30 second(s) with 300 milliseconds interval)
Build info: version: '3.141.59', revision: 'e82be7d358', time: '2018-11-14T08:17:03'
System info: host: 'DESKTOP-T58IQ4C', ip: '192.168.100.5', os.name: 'Windows 10', os.arch: 'amd64', os.version: '10.0', java.version: '16.0.1'
Driver info: org.openqa.selenium.chrome.ChromeDriver
Capabilities {acceptInsecureCerts: false, browserName: chrome, browserVersion: 92.0.4515.159, chrome: {chromedriverVersion: 92.0.4515.107 (87a818b10553..., userDataDir: C:\Users\Lenovo\AppData\Loc...}, goog:chromeOptions: {debuggerAddress: localhost:50871}, javascriptEnabled: true, networkConnectionEnabled: false, pageLoadStrategy: normal, platform: WINDOWS, platformName: WINDOWS, proxy: Proxy(), setWindowRect: true, strictFileInteractability: false, timeouts: {implicit: 0, pageLoad: 300000, script: 30000}, unhandledPromptBehavior: dismiss and notify, webauthn:extension:credBlob: true, webauthn:extension:largeBlob: true, webauthn:virtualAuthenticators: true}
Session ID: 1f1da3f8219289774e2e0280fff9d373
For documentation on this error, please visit: https://www.seleniumhq.org/exceptions/no_such_element.html
Build info: version: '3.141.59', revision: 'e82be7d358', time: '2018-11-14T08:17:03'
System info: host: 'DESKTOP-T58IQ4C', ip: '192.168.100.5', os.name: 'Windows 10', os.arch: 'amd64', os.version: '10.0', java.version: '16.0.1'
Driver info: driver.version: unknown
	at aquality.selenium.core.elements.ElementFinder.handleTimeoutException(ElementFinder.java:75)
	at aquality.selenium.core.elements.ElementFinder.findElements(ElementFinder.java:36)
	at aquality.selenium.core.elements.interfaces.IElementFinder.findElement(IElementFinder.java:51)
	at aquality.selenium.core.elements.Element.getElement(Element.java:95)
	at aquality.selenium.elements.Element.getElement(Element.java:84)
	at aquality.selenium.core.elements.interfaces.IElement.getElement(IElement.java:38)
	at aquality.selenium.elements.actions.JsActions.lambda$executeScript$0(JsActions.java:158)
	at aquality.selenium.core.utilities.ActionRetrier.doWithRetry(ActionRetrier.java:33)
	at aquality.selenium.core.utilities.ElementActionRetrier.doWithRetry(ElementActionRetrier.java:22)
	at aquality.selenium.elements.actions.JsActions.executeScript(JsActions.java:158)
	at aquality.selenium.elements.actions.JsActions.highlightElement(JsActions.java:55)
	at aquality.selenium.elements.actions.JsActions.highlightElement(JsActions.java:47)
	at aquality.selenium.elements.Element.getText(Element.java:117)
	at aquality.selenium.elements.Element.getText(Element.java:111)
	at steps_definition.HandlesSteps.checkPageText(HandlesSteps.java:50)
	at java.base/jdk.internal.reflect.NativeMethodAccessorImpl.invoke0(Native Method)
	at java.base/jdk.internal.reflect.NativeMethodAccessorImpl.invoke(NativeMethodAccessorImpl.java:78)
	at java.base/jdk.internal.reflect.DelegatingMethodAccessorImpl.invoke(DelegatingMethodAccessorImpl.java:43)
	at java.base/java.lang.reflect.Method.invoke(Method.java:567)
	at io.cucumber.java.Invoker.invoke(Invoker.java:27)
	at io.cucumber.java.JavaStepDefinition.execute(JavaStepDefinition.java:27)
	at io.cucumber.core.runner.PickleStepDefinitionMatch.runStep(PickleStepDefinitionMatch.java:63)
	at io.cucumber.core.runner.TestStep.executeStep(TestStep.java:64)
	at io.cucumber.core.runner.TestStep.run(TestStep.java:49)
	at io.cucumber.core.runner.PickleStepTestStep.run(PickleStepTestStep.java:46)
	at io.cucumber.core.runner.TestCase.run(TestCase.java:51)
	at io.cucumber.core.runner.Runner.runPickle(Runner.java:67)
	at io.cucumber.core.runtime.Runtime.lambda$run$2(Runtime.java:100)
	at java.base/java.util.concurrent.Executors$RunnableAdapter.call(Executors.java:515)
	at java.base/java.util.concurrent.FutureTask.run(FutureTask.java:264)
	at io.cucumber.core.runtime.Runtime$SameThreadExecutorService.execute(Runtime.java:243)
	at java.base/java.util.concurrent.AbstractExecutorService.submit(AbstractExecutorService.java:123)
	at io.cucumber.core.runtime.Runtime.lambda$run$3(Runtime.java:100)
	at java.base/java.util.stream.ReferencePipeline$3$1.accept(ReferencePipeline.java:197)
	at java.base/java.util.stream.SliceOps$1$1.accept(SliceOps.java:199)
	at java.base/java.util.ArrayList$ArrayListSpliterator.tryAdvance(ArrayList.java:1602)
	at java.base/java.util.stream.ReferencePipeline.forEachWithCancel(ReferencePipeline.java:129)
	at java.base/java.util.stream.AbstractPipeline.copyIntoWithCancel(AbstractPipeline.java:502)
	at java.base/java.util.stream.AbstractPipeline.copyInto(AbstractPipeline.java:488)
	at java.base/java.util.stream.AbstractPipeline.wrapAndCopyInto(AbstractPipeline.java:474)
	at java.base/java.util.stream.ReduceOps$ReduceOp.evaluateSequential(ReduceOps.java:913)
	at java.base/java.util.stream.AbstractPipeline.evaluate(AbstractPipeline.java:234)
	at java.base/java.util.stream.ReferencePipeline.collect(ReferencePipeline.java:682)
	at io.cucumber.core.runtime.Runtime.run(Runtime.java:101)
	at io.cucumber.core.cli.Main.run(Main.java:75)
	at io.cucumber.core.cli.Main.main(Main.java:31)
2021-08-30 18:47:18 ERROR - No elements with locator 'By.xpath: //h3[text()='New Window']' were found in DISPLAYED state: Expected condition failed:  (tried for 30 second(s) with 300 milliseconds interval)
Build info: version: '3.141.59', revision: 'e82be7d358', time: '2018-11-14T08:17:03'
System info: host: 'DESKTOP-T58IQ4C', ip: '192.168.100.5', os.name: 'Windows 10', os.arch: 'amd64', os.version: '10.0', java.version: '16.0.1'
Driver info: org.openqa.selenium.chrome.ChromeDriver
Capabilities {acceptInsecureCerts: false, browserName: chrome, browserVersion: 92.0.4515.159, chrome: {chromedriverVersion: 92.0.4515.107 (87a818b10553..., userDataDir: C:\Users\Lenovo\AppData\Loc...}, goog:chromeOptions: {debuggerAddress: localhost:50871}, javascriptEnabled: true, networkConnectionEnabled: false, pageLoadStrategy: normal, platform: WINDOWS, platformName: WINDOWS, proxy: Proxy(), setWindowRect: true, strictFileInteractability: false, timeouts: {implicit: 0, pageLoad: 300000, script: 30000}, unhandledPromptBehavior: dismiss and notify, webauthn:extension:credBlob: true, webauthn:extension:largeBlob: true, webauthn:virtualAuthenticators: true}
Session ID: 1f1da3f8219289774e2e0280fff9d373
For documentation on this error, please visit: https://www.seleniumhq.org/exceptions/no_such_element.html
Build info: version: '3.141.59', revision: 'e82be7d358', time: '2018-11-14T08:17:03'
System info: host: 'DESKTOP-T58IQ4C', ip: '192.168.100.5', os.name: 'Windows 10', os.arch: 'amd64', os.version: '10.0', java.version: '16.0.1'
Driver info: driver.version: unknown
2021-08-30 18:47:27 DEBUG - Got browser profile options from settings file: 
{disable-popup-blocking=true, profile.default_content_settings.popups=0, download.prompt_for_download=false, intl.accept_languages=en, safebrowsing.enabled=true, download.default_directory=//home//selenium//downloads}
2021-08-30 18:47:27 DEBUG - Got browser capabilities from settings file: 
{enableVNC=true}
2021-08-30 18:47:28 DEBUG - Set '15' timeout in seconds for loading of pages
2021-08-30 18:47:28 DEBUG - Set async javascript execution timeout '10' in seconds
2021-08-30 18:47:28 INFO  - Browser 'CHROME' ready...
2021-08-30 18:47:28 INFO  - Navigate to url - 'http://the-internet.herokuapp.com/windows'
2021-08-30 18:47:31 INFO  - Waiting for page to load
2021-08-30 18:47:31 INFO  - Link 'Click here link' :: Clicking
2021-08-30 18:47:31 INFO  - Waiting for page to load
2021-08-30 18:47:31 INFO  - Waiting for page to load
2021-08-30 18:47:31 INFO  - Label 'New window label' :: Getting text from element
2021-08-30 18:48:01 DEBUG - Page source:
<html class="no-js" lang="en"><!--<![endif]--><head>
    <script src="/js/vendor/298279967.js"></script>
    <meta charset="utf-8">
    <meta name="viewport" content="width=device-width">
    <title>The Internet</title>
    <link href="/css/app.css" rel="stylesheet">
    <link href="/css/font-awesome.css" rel="stylesheet">
    <script src="/js/vendor/jquery-1.11.3.min.js"></script>
    <script src="/js/vendor/jquery-ui-1.11.4/jquery-ui.js"></script>
    <script src="/js/foundation/foundation.js"></script><meta class="foundation-mq-small"><meta class="foundation-mq-medium"><meta class="foundation-mq-large"><style></style>
    <script src="/js/foundation/foundation.alerts.js"></script>
    <script>
      $(document).foundation();
    </script>
  </head>
  <body>
    <div class="row">
      <div id="flash-messages" class="large-12 columns">
      
        
      
        
      
        
      
      </div>
    </div>
    <div class="row">
      <a href="https://github.com/tourdedave/the-internet"><img style="position: absolute; top: 0; right: 0; border: 0;" src="/img/forkme_right_green_007200.png" alt="Fork me on GitHub"></a>
      <div id="content" class="large-12 columns">
        <div class="example">
  <h3>Opening a new window</h3>
  <a href="/windows/new" ,="" target="_blank" style="border: 3px solid red;">Click Here</a>
</div>

      </div>
    </div>
    <div id="page-footer" class="row">
      <div class="large-4 large-centered columns">
        <hr>
        <div style="text-align: center;">Powered by <a target="_blank" href="http://elementalselenium.com/">Elemental Selenium</a></div>
      </div>
    </div>
  

</body></html>
org.openqa.selenium.NoSuchElementException: No elements with locator 'By.xpath: //h3[text()='New Window']' were found in DISPLAYED state: Expected condition failed:  (tried for 30 second(s) with 300 milliseconds interval)
Build info: version: '3.141.59', revision: 'e82be7d358', time: '2018-11-14T08:17:03'
System info: host: 'DESKTOP-T58IQ4C', ip: '192.168.100.5', os.name: 'Windows 10', os.arch: 'amd64', os.version: '10.0', java.version: '16.0.1'
Driver info: org.openqa.selenium.chrome.ChromeDriver
Capabilities {acceptInsecureCerts: false, browserName: chrome, browserVersion: 92.0.4515.159, chrome: {chromedriverVersion: 92.0.4515.107 (87a818b10553..., userDataDir: C:\Users\Lenovo\AppData\Loc...}, goog:chromeOptions: {debuggerAddress: localhost:52032}, javascriptEnabled: true, networkConnectionEnabled: false, pageLoadStrategy: normal, platform: WINDOWS, platformName: WINDOWS, proxy: Proxy(), setWindowRect: true, strictFileInteractability: false, timeouts: {implicit: 0, pageLoad: 300000, script: 30000}, unhandledPromptBehavior: dismiss and notify, webauthn:extension:credBlob: true, webauthn:extension:largeBlob: true, webauthn:virtualAuthenticators: true}
Session ID: 42fb3bdda57ee4875ae888f3176c40cd
For documentation on this error, please visit: https://www.seleniumhq.org/exceptions/no_such_element.html
Build info: version: '3.141.59', revision: 'e82be7d358', time: '2018-11-14T08:17:03'
System info: host: 'DESKTOP-T58IQ4C', ip: '192.168.100.5', os.name: 'Windows 10', os.arch: 'amd64', os.version: '10.0', java.version: '16.0.1'
Driver info: driver.version: unknown
	at aquality.selenium.core.elements.ElementFinder.handleTimeoutException(ElementFinder.java:75)
	at aquality.selenium.core.elements.ElementFinder.findElements(ElementFinder.java:36)
	at aquality.selenium.core.elements.interfaces.IElementFinder.findElement(IElementFinder.java:51)
	at aquality.selenium.core.elements.Element.getElement(Element.java:95)
	at aquality.selenium.elements.Element.getElement(Element.java:84)
	at aquality.selenium.core.elements.interfaces.IElement.getElement(IElement.java:38)
	at aquality.selenium.elements.actions.JsActions.lambda$executeScript$0(JsActions.java:158)
	at aquality.selenium.core.utilities.ActionRetrier.doWithRetry(ActionRetrier.java:33)
	at aquality.selenium.core.utilities.ElementActionRetrier.doWithRetry(ElementActionRetrier.java:22)
	at aquality.selenium.elements.actions.JsActions.executeScript(JsActions.java:158)
	at aquality.selenium.elements.actions.JsActions.highlightElement(JsActions.java:55)
	at aquality.selenium.elements.actions.JsActions.highlightElement(JsActions.java:47)
	at aquality.selenium.elements.Element.getText(Element.java:117)
	at steps_definition.HandlesSteps.checkPageText(HandlesSteps.java:51)
	at java.base/jdk.internal.reflect.NativeMethodAccessorImpl.invoke0(Native Method)
	at java.base/jdk.internal.reflect.NativeMethodAccessorImpl.invoke(NativeMethodAccessorImpl.java:78)
	at java.base/jdk.internal.reflect.DelegatingMethodAccessorImpl.invoke(DelegatingMethodAccessorImpl.java:43)
	at java.base/java.lang.reflect.Method.invoke(Method.java:567)
	at io.cucumber.java.Invoker.invoke(Invoker.java:27)
	at io.cucumber.java.JavaStepDefinition.execute(JavaStepDefinition.java:27)
	at io.cucumber.core.runner.PickleStepDefinitionMatch.runStep(PickleStepDefinitionMatch.java:63)
	at io.cucumber.core.runner.TestStep.executeStep(TestStep.java:64)
	at io.cucumber.core.runner.TestStep.run(TestStep.java:49)
	at io.cucumber.core.runner.PickleStepTestStep.run(PickleStepTestStep.java:46)
	at io.cucumber.core.runner.TestCase.run(TestCase.java:51)
	at io.cucumber.core.runner.Runner.runPickle(Runner.java:67)
	at io.cucumber.core.runtime.Runtime.lambda$run$2(Runtime.java:100)
	at java.base/java.util.concurrent.Executors$RunnableAdapter.call(Executors.java:515)
	at java.base/java.util.concurrent.FutureTask.run(FutureTask.java:264)
	at io.cucumber.core.runtime.Runtime$SameThreadExecutorService.execute(Runtime.java:243)
	at java.base/java.util.concurrent.AbstractExecutorService.submit(AbstractExecutorService.java:123)
	at io.cucumber.core.runtime.Runtime.lambda$run$3(Runtime.java:100)
	at java.base/java.util.stream.ReferencePipeline$3$1.accept(ReferencePipeline.java:197)
	at java.base/java.util.stream.SliceOps$1$1.accept(SliceOps.java:199)
	at java.base/java.util.ArrayList$ArrayListSpliterator.tryAdvance(ArrayList.java:1602)
	at java.base/java.util.stream.ReferencePipeline.forEachWithCancel(ReferencePipeline.java:129)
	at java.base/java.util.stream.AbstractPipeline.copyIntoWithCancel(AbstractPipeline.java:502)
	at java.base/java.util.stream.AbstractPipeline.copyInto(AbstractPipeline.java:488)
	at java.base/java.util.stream.AbstractPipeline.wrapAndCopyInto(AbstractPipeline.java:474)
	at java.base/java.util.stream.ReduceOps$ReduceOp.evaluateSequential(ReduceOps.java:913)
	at java.base/java.util.stream.AbstractPipeline.evaluate(AbstractPipeline.java:234)
	at java.base/java.util.stream.ReferencePipeline.collect(ReferencePipeline.java:682)
	at io.cucumber.core.runtime.Runtime.run(Runtime.java:101)
	at io.cucumber.core.cli.Main.run(Main.java:75)
	at io.cucumber.core.cli.Main.main(Main.java:31)
2021-08-30 18:48:01 ERROR - No elements with locator 'By.xpath: //h3[text()='New Window']' were found in DISPLAYED state: Expected condition failed:  (tried for 30 second(s) with 300 milliseconds interval)
Build info: version: '3.141.59', revision: 'e82be7d358', time: '2018-11-14T08:17:03'
System info: host: 'DESKTOP-T58IQ4C', ip: '192.168.100.5', os.name: 'Windows 10', os.arch: 'amd64', os.version: '10.0', java.version: '16.0.1'
Driver info: org.openqa.selenium.chrome.ChromeDriver
Capabilities {acceptInsecureCerts: false, browserName: chrome, browserVersion: 92.0.4515.159, chrome: {chromedriverVersion: 92.0.4515.107 (87a818b10553..., userDataDir: C:\Users\Lenovo\AppData\Loc...}, goog:chromeOptions: {debuggerAddress: localhost:52032}, javascriptEnabled: true, networkConnectionEnabled: false, pageLoadStrategy: normal, platform: WINDOWS, platformName: WINDOWS, proxy: Proxy(), setWindowRect: true, strictFileInteractability: false, timeouts: {implicit: 0, pageLoad: 300000, script: 30000}, unhandledPromptBehavior: dismiss and notify, webauthn:extension:credBlob: true, webauthn:extension:largeBlob: true, webauthn:virtualAuthenticators: true}
Session ID: 42fb3bdda57ee4875ae888f3176c40cd
For documentation on this error, please visit: https://www.seleniumhq.org/exceptions/no_such_element.html
Build info: version: '3.141.59', revision: 'e82be7d358', time: '2018-11-14T08:17:03'
System info: host: 'DESKTOP-T58IQ4C', ip: '192.168.100.5', os.name: 'Windows 10', os.arch: 'amd64', os.version: '10.0', java.version: '16.0.1'
Driver info: driver.version: unknown
2021-08-30 18:53:57 DEBUG - Got browser profile options from settings file: 
{disable-popup-blocking=true, profile.default_content_settings.popups=0, download.prompt_for_download=false, intl.accept_languages=en, safebrowsing.enabled=true, download.default_directory=//home//selenium//downloads}
2021-08-30 18:53:57 DEBUG - Got browser capabilities from settings file: 
{enableVNC=true}
2021-08-30 18:53:58 DEBUG - Set '15' timeout in seconds for loading of pages
2021-08-30 18:53:58 DEBUG - Set async javascript execution timeout '10' in seconds
2021-08-30 18:53:58 INFO  - Browser 'CHROME' ready...
2021-08-30 18:53:58 INFO  - Navigate to url - 'http://the-internet.herokuapp.com/windows'
2021-08-30 18:54:00 INFO  - Waiting for page to load
2021-08-30 18:54:00 INFO  - Link 'Click here link' :: Clicking
2021-08-30 18:54:01 INFO  - Waiting for page to load
2021-08-30 18:54:01 INFO  - Waiting for page to load
2021-08-30 18:54:11 INFO  - Label 'New window label' :: Getting text from element
2021-08-30 18:54:41 DEBUG - Page source:
<html class="no-js" lang="en"><!--<![endif]--><head>
    <script src="/js/vendor/298279967.js"></script>
    <meta charset="utf-8">
    <meta name="viewport" content="width=device-width">
    <title>The Internet</title>
    <link href="/css/app.css" rel="stylesheet">
    <link href="/css/font-awesome.css" rel="stylesheet">
    <script src="/js/vendor/jquery-1.11.3.min.js"></script>
    <script src="/js/vendor/jquery-ui-1.11.4/jquery-ui.js"></script>
    <script src="/js/foundation/foundation.js"></script><meta class="foundation-mq-small"><meta class="foundation-mq-medium"><meta class="foundation-mq-large"><style></style>
    <script src="/js/foundation/foundation.alerts.js"></script>
    <script>
      $(document).foundation();
    </script>
  </head>
  <body>
    <div class="row">
      <div id="flash-messages" class="large-12 columns">
      
        
      
        
      
        
      
      </div>
    </div>
    <div class="row">
      <a href="https://github.com/tourdedave/the-internet"><img style="position: absolute; top: 0; right: 0; border: 0;" src="/img/forkme_right_green_007200.png" alt="Fork me on GitHub"></a>
      <div id="content" class="large-12 columns">
        <div class="example">
  <h3>Opening a new window</h3>
  <a href="/windows/new" ,="" target="_blank" style="border: 3px solid red;">Click Here</a>
</div>

      </div>
    </div>
    <div id="page-footer" class="row">
      <div class="large-4 large-centered columns">
        <hr>
        <div style="text-align: center;">Powered by <a target="_blank" href="http://elementalselenium.com/">Elemental Selenium</a></div>
      </div>
    </div>
  

</body></html>
org.openqa.selenium.NoSuchElementException: No elements with locator 'By.xpath: //h3[text()='New Window']' were found in DISPLAYED state: Expected condition failed:  (tried for 30 second(s) with 300 milliseconds interval)
Build info: version: '3.141.59', revision: 'e82be7d358', time: '2018-11-14T08:17:03'
System info: host: 'DESKTOP-T58IQ4C', ip: '192.168.100.5', os.name: 'Windows 10', os.arch: 'amd64', os.version: '10.0', java.version: '16.0.1'
Driver info: org.openqa.selenium.chrome.ChromeDriver
Capabilities {acceptInsecureCerts: false, browserName: chrome, browserVersion: 92.0.4515.159, chrome: {chromedriverVersion: 92.0.4515.107 (87a818b10553..., userDataDir: C:\Users\Lenovo\AppData\Loc...}, goog:chromeOptions: {debuggerAddress: localhost:62747}, javascriptEnabled: true, networkConnectionEnabled: false, pageLoadStrategy: normal, platform: WINDOWS, platformName: WINDOWS, proxy: Proxy(), setWindowRect: true, strictFileInteractability: false, timeouts: {implicit: 0, pageLoad: 300000, script: 30000}, unhandledPromptBehavior: dismiss and notify, webauthn:extension:credBlob: true, webauthn:extension:largeBlob: true, webauthn:virtualAuthenticators: true}
Session ID: 225058aafb6341c4812e3373b1232f41
For documentation on this error, please visit: https://www.seleniumhq.org/exceptions/no_such_element.html
Build info: version: '3.141.59', revision: 'e82be7d358', time: '2018-11-14T08:17:03'
System info: host: 'DESKTOP-T58IQ4C', ip: '192.168.100.5', os.name: 'Windows 10', os.arch: 'amd64', os.version: '10.0', java.version: '16.0.1'
Driver info: driver.version: unknown
	at aquality.selenium.core.elements.ElementFinder.handleTimeoutException(ElementFinder.java:75)
	at aquality.selenium.core.elements.ElementFinder.findElements(ElementFinder.java:36)
	at aquality.selenium.core.elements.interfaces.IElementFinder.findElement(IElementFinder.java:51)
	at aquality.selenium.core.elements.Element.getElement(Element.java:95)
	at aquality.selenium.elements.Element.getElement(Element.java:84)
	at aquality.selenium.core.elements.interfaces.IElement.getElement(IElement.java:38)
	at aquality.selenium.elements.actions.JsActions.lambda$executeScript$0(JsActions.java:158)
	at aquality.selenium.core.utilities.ActionRetrier.doWithRetry(ActionRetrier.java:33)
	at aquality.selenium.core.utilities.ElementActionRetrier.doWithRetry(ElementActionRetrier.java:22)
	at aquality.selenium.elements.actions.JsActions.executeScript(JsActions.java:158)
	at aquality.selenium.elements.actions.JsActions.highlightElement(JsActions.java:55)
	at aquality.selenium.elements.actions.JsActions.highlightElement(JsActions.java:47)
	at aquality.selenium.elements.Element.getText(Element.java:117)
	at aquality.selenium.elements.Element.getText(Element.java:111)
	at steps_definition.HandlesSteps.checkPageText(HandlesSteps.java:52)
	at java.base/jdk.internal.reflect.NativeMethodAccessorImpl.invoke0(Native Method)
	at java.base/jdk.internal.reflect.NativeMethodAccessorImpl.invoke(NativeMethodAccessorImpl.java:78)
	at java.base/jdk.internal.reflect.DelegatingMethodAccessorImpl.invoke(DelegatingMethodAccessorImpl.java:43)
	at java.base/java.lang.reflect.Method.invoke(Method.java:567)
	at io.cucumber.java.Invoker.invoke(Invoker.java:27)
	at io.cucumber.java.JavaStepDefinition.execute(JavaStepDefinition.java:27)
	at io.cucumber.core.runner.PickleStepDefinitionMatch.runStep(PickleStepDefinitionMatch.java:63)
	at io.cucumber.core.runner.TestStep.executeStep(TestStep.java:64)
	at io.cucumber.core.runner.TestStep.run(TestStep.java:49)
	at io.cucumber.core.runner.PickleStepTestStep.run(PickleStepTestStep.java:46)
	at io.cucumber.core.runner.TestCase.run(TestCase.java:51)
	at io.cucumber.core.runner.Runner.runPickle(Runner.java:67)
	at io.cucumber.core.runtime.Runtime.lambda$run$2(Runtime.java:100)
	at java.base/java.util.concurrent.Executors$RunnableAdapter.call(Executors.java:515)
	at java.base/java.util.concurrent.FutureTask.run$$$capture(FutureTask.java:264)
	at java.base/java.util.concurrent.FutureTask.run(FutureTask.java)
	at io.cucumber.core.runtime.Runtime$SameThreadExecutorService.execute(Runtime.java:243)
	at java.base/java.util.concurrent.AbstractExecutorService.submit(AbstractExecutorService.java:123)
	at io.cucumber.core.runtime.Runtime.lambda$run$3(Runtime.java:100)
	at java.base/java.util.stream.ReferencePipeline$3$1.accept(ReferencePipeline.java:197)
	at java.base/java.util.stream.SliceOps$1$1.accept(SliceOps.java:199)
	at java.base/java.util.ArrayList$ArrayListSpliterator.tryAdvance(ArrayList.java:1602)
	at java.base/java.util.stream.ReferencePipeline.forEachWithCancel(ReferencePipeline.java:129)
	at java.base/java.util.stream.AbstractPipeline.copyIntoWithCancel(AbstractPipeline.java:502)
	at java.base/java.util.stream.AbstractPipeline.copyInto(AbstractPipeline.java:488)
	at java.base/java.util.stream.AbstractPipeline.wrapAndCopyInto(AbstractPipeline.java:474)
	at java.base/java.util.stream.ReduceOps$ReduceOp.evaluateSequential(ReduceOps.java:913)
	at java.base/java.util.stream.AbstractPipeline.evaluate(AbstractPipeline.java:234)
	at java.base/java.util.stream.ReferencePipeline.collect(ReferencePipeline.java:682)
	at io.cucumber.core.runtime.Runtime.run(Runtime.java:101)
	at io.cucumber.core.cli.Main.run(Main.java:75)
	at io.cucumber.core.cli.Main.main(Main.java:31)
2021-08-30 18:54:41 ERROR - No elements with locator 'By.xpath: //h3[text()='New Window']' were found in DISPLAYED state: Expected condition failed:  (tried for 30 second(s) with 300 milliseconds interval)
Build info: version: '3.141.59', revision: 'e82be7d358', time: '2018-11-14T08:17:03'
System info: host: 'DESKTOP-T58IQ4C', ip: '192.168.100.5', os.name: 'Windows 10', os.arch: 'amd64', os.version: '10.0', java.version: '16.0.1'
Driver info: org.openqa.selenium.chrome.ChromeDriver
Capabilities {acceptInsecureCerts: false, browserName: chrome, browserVersion: 92.0.4515.159, chrome: {chromedriverVersion: 92.0.4515.107 (87a818b10553..., userDataDir: C:\Users\Lenovo\AppData\Loc...}, goog:chromeOptions: {debuggerAddress: localhost:62747}, javascriptEnabled: true, networkConnectionEnabled: false, pageLoadStrategy: normal, platform: WINDOWS, platformName: WINDOWS, proxy: Proxy(), setWindowRect: true, strictFileInteractability: false, timeouts: {implicit: 0, pageLoad: 300000, script: 30000}, unhandledPromptBehavior: dismiss and notify, webauthn:extension:credBlob: true, webauthn:extension:largeBlob: true, webauthn:virtualAuthenticators: true}
Session ID: 225058aafb6341c4812e3373b1232f41
For documentation on this error, please visit: https://www.seleniumhq.org/exceptions/no_such_element.html
Build info: version: '3.141.59', revision: 'e82be7d358', time: '2018-11-14T08:17:03'
System info: host: 'DESKTOP-T58IQ4C', ip: '192.168.100.5', os.name: 'Windows 10', os.arch: 'amd64', os.version: '10.0', java.version: '16.0.1'
Driver info: driver.version: unknown
2021-08-30 18:55:04 DEBUG - Got browser profile options from settings file: 
{disable-popup-blocking=true, profile.default_content_settings.popups=0, download.prompt_for_download=false, intl.accept_languages=en, safebrowsing.enabled=true, download.default_directory=//home//selenium//downloads}
2021-08-30 18:55:04 DEBUG - Got browser capabilities from settings file: 
{enableVNC=true}
2021-08-30 18:55:05 DEBUG - Set '15' timeout in seconds for loading of pages
2021-08-30 18:55:05 DEBUG - Set async javascript execution timeout '10' in seconds
2021-08-30 18:55:05 INFO  - Browser 'CHROME' ready...
2021-08-30 18:55:05 INFO  - Navigate to url - 'http://the-internet.herokuapp.com/windows'
2021-08-30 18:55:08 INFO  - Waiting for page to load
2021-08-30 18:55:08 INFO  - Link 'Click here link' :: Clicking
2021-08-30 18:55:08 INFO  - Waiting for page to load
2021-08-30 18:55:08 INFO  - Waiting for page to load
2021-08-30 18:55:08 INFO  - Label 'New window label' :: Getting text from element
2021-08-30 18:55:38 DEBUG - Page source:
<html class="no-js" lang="en"><!--<![endif]--><head>
    <script src="/js/vendor/298279967.js"></script>
    <meta charset="utf-8">
    <meta name="viewport" content="width=device-width">
    <title>The Internet</title>
    <link href="/css/app.css" rel="stylesheet">
    <link href="/css/font-awesome.css" rel="stylesheet">
    <script src="/js/vendor/jquery-1.11.3.min.js"></script>
    <script src="/js/vendor/jquery-ui-1.11.4/jquery-ui.js"></script>
    <script src="/js/foundation/foundation.js"></script><meta class="foundation-mq-small"><meta class="foundation-mq-medium"><meta class="foundation-mq-large"><style></style>
    <script src="/js/foundation/foundation.alerts.js"></script>
    <script>
      $(document).foundation();
    </script>
  </head>
  <body>
    <div class="row">
      <div id="flash-messages" class="large-12 columns">
      
        
      
        
      
        
      
      </div>
    </div>
    <div class="row">
      <a href="https://github.com/tourdedave/the-internet"><img style="position: absolute; top: 0; right: 0; border: 0;" src="/img/forkme_right_green_007200.png" alt="Fork me on GitHub"></a>
      <div id="content" class="large-12 columns">
        <div class="example">
  <h3>Opening a new window</h3>
  <a href="/windows/new" ,="" target="_blank" style="border: 3px solid red;">Click Here</a>
</div>

      </div>
    </div>
    <div id="page-footer" class="row">
      <div class="large-4 large-centered columns">
        <hr>
        <div style="text-align: center;">Powered by <a target="_blank" href="http://elementalselenium.com/">Elemental Selenium</a></div>
      </div>
    </div>
  

</body></html>
org.openqa.selenium.NoSuchElementException: No elements with locator 'By.xpath: //h3[text()='New Window']' were found in DISPLAYED state: Expected condition failed:  (tried for 30 second(s) with 300 milliseconds interval)
Build info: version: '3.141.59', revision: 'e82be7d358', time: '2018-11-14T08:17:03'
System info: host: 'DESKTOP-T58IQ4C', ip: '192.168.100.5', os.name: 'Windows 10', os.arch: 'amd64', os.version: '10.0', java.version: '16.0.1'
Driver info: org.openqa.selenium.chrome.ChromeDriver
Capabilities {acceptInsecureCerts: false, browserName: chrome, browserVersion: 92.0.4515.159, chrome: {chromedriverVersion: 92.0.4515.107 (87a818b10553..., userDataDir: C:\Users\Lenovo\AppData\Loc...}, goog:chromeOptions: {debuggerAddress: localhost:50638}, javascriptEnabled: true, networkConnectionEnabled: false, pageLoadStrategy: normal, platform: WINDOWS, platformName: WINDOWS, proxy: Proxy(), setWindowRect: true, strictFileInteractability: false, timeouts: {implicit: 0, pageLoad: 300000, script: 30000}, unhandledPromptBehavior: dismiss and notify, webauthn:extension:credBlob: true, webauthn:extension:largeBlob: true, webauthn:virtualAuthenticators: true}
Session ID: 71ef9d1c6c0dec02762ee5679eace8ad
For documentation on this error, please visit: https://www.seleniumhq.org/exceptions/no_such_element.html
Build info: version: '3.141.59', revision: 'e82be7d358', time: '2018-11-14T08:17:03'
System info: host: 'DESKTOP-T58IQ4C', ip: '192.168.100.5', os.name: 'Windows 10', os.arch: 'amd64', os.version: '10.0', java.version: '16.0.1'
Driver info: driver.version: unknown
	at aquality.selenium.core.elements.ElementFinder.handleTimeoutException(ElementFinder.java:75)
	at aquality.selenium.core.elements.ElementFinder.findElements(ElementFinder.java:36)
	at aquality.selenium.core.elements.interfaces.IElementFinder.findElement(IElementFinder.java:51)
	at aquality.selenium.core.elements.Element.getElement(Element.java:95)
	at aquality.selenium.elements.Element.getElement(Element.java:84)
	at aquality.selenium.core.elements.interfaces.IElement.getElement(IElement.java:38)
	at aquality.selenium.elements.actions.JsActions.lambda$executeScript$0(JsActions.java:158)
	at aquality.selenium.core.utilities.ActionRetrier.doWithRetry(ActionRetrier.java:33)
	at aquality.selenium.core.utilities.ElementActionRetrier.doWithRetry(ElementActionRetrier.java:22)
	at aquality.selenium.elements.actions.JsActions.executeScript(JsActions.java:158)
	at aquality.selenium.elements.actions.JsActions.highlightElement(JsActions.java:55)
	at aquality.selenium.elements.actions.JsActions.highlightElement(JsActions.java:47)
	at aquality.selenium.elements.Element.getText(Element.java:117)
	at aquality.selenium.elements.Element.getText(Element.java:111)
	at steps_definition.HandlesSteps.checkPageText(HandlesSteps.java:51)
	at java.base/jdk.internal.reflect.NativeMethodAccessorImpl.invoke0(Native Method)
	at java.base/jdk.internal.reflect.NativeMethodAccessorImpl.invoke(NativeMethodAccessorImpl.java:78)
	at java.base/jdk.internal.reflect.DelegatingMethodAccessorImpl.invoke(DelegatingMethodAccessorImpl.java:43)
	at java.base/java.lang.reflect.Method.invoke(Method.java:567)
	at io.cucumber.java.Invoker.invoke(Invoker.java:27)
	at io.cucumber.java.JavaStepDefinition.execute(JavaStepDefinition.java:27)
	at io.cucumber.core.runner.PickleStepDefinitionMatch.runStep(PickleStepDefinitionMatch.java:63)
	at io.cucumber.core.runner.TestStep.executeStep(TestStep.java:64)
	at io.cucumber.core.runner.TestStep.run(TestStep.java:49)
	at io.cucumber.core.runner.PickleStepTestStep.run(PickleStepTestStep.java:46)
	at io.cucumber.core.runner.TestCase.run(TestCase.java:51)
	at io.cucumber.core.runner.Runner.runPickle(Runner.java:67)
	at io.cucumber.core.runtime.Runtime.lambda$run$2(Runtime.java:100)
	at java.base/java.util.concurrent.Executors$RunnableAdapter.call(Executors.java:515)
	at java.base/java.util.concurrent.FutureTask.run(FutureTask.java:264)
	at io.cucumber.core.runtime.Runtime$SameThreadExecutorService.execute(Runtime.java:243)
	at java.base/java.util.concurrent.AbstractExecutorService.submit(AbstractExecutorService.java:123)
	at io.cucumber.core.runtime.Runtime.lambda$run$3(Runtime.java:100)
	at java.base/java.util.stream.ReferencePipeline$3$1.accept(ReferencePipeline.java:197)
	at java.base/java.util.stream.SliceOps$1$1.accept(SliceOps.java:199)
	at java.base/java.util.ArrayList$ArrayListSpliterator.tryAdvance(ArrayList.java:1602)
	at java.base/java.util.stream.ReferencePipeline.forEachWithCancel(ReferencePipeline.java:129)
	at java.base/java.util.stream.AbstractPipeline.copyIntoWithCancel(AbstractPipeline.java:502)
	at java.base/java.util.stream.AbstractPipeline.copyInto(AbstractPipeline.java:488)
	at java.base/java.util.stream.AbstractPipeline.wrapAndCopyInto(AbstractPipeline.java:474)
	at java.base/java.util.stream.ReduceOps$ReduceOp.evaluateSequential(ReduceOps.java:913)
	at java.base/java.util.stream.AbstractPipeline.evaluate(AbstractPipeline.java:234)
	at java.base/java.util.stream.ReferencePipeline.collect(ReferencePipeline.java:682)
	at io.cucumber.core.runtime.Runtime.run(Runtime.java:101)
	at io.cucumber.core.cli.Main.run(Main.java:75)
	at io.cucumber.core.cli.Main.main(Main.java:31)
2021-08-30 18:55:38 ERROR - No elements with locator 'By.xpath: //h3[text()='New Window']' were found in DISPLAYED state: Expected condition failed:  (tried for 30 second(s) with 300 milliseconds interval)
Build info: version: '3.141.59', revision: 'e82be7d358', time: '2018-11-14T08:17:03'
System info: host: 'DESKTOP-T58IQ4C', ip: '192.168.100.5', os.name: 'Windows 10', os.arch: 'amd64', os.version: '10.0', java.version: '16.0.1'
Driver info: org.openqa.selenium.chrome.ChromeDriver
Capabilities {acceptInsecureCerts: false, browserName: chrome, browserVersion: 92.0.4515.159, chrome: {chromedriverVersion: 92.0.4515.107 (87a818b10553..., userDataDir: C:\Users\Lenovo\AppData\Loc...}, goog:chromeOptions: {debuggerAddress: localhost:50638}, javascriptEnabled: true, networkConnectionEnabled: false, pageLoadStrategy: normal, platform: WINDOWS, platformName: WINDOWS, proxy: Proxy(), setWindowRect: true, strictFileInteractability: false, timeouts: {implicit: 0, pageLoad: 300000, script: 30000}, unhandledPromptBehavior: dismiss and notify, webauthn:extension:credBlob: true, webauthn:extension:largeBlob: true, webauthn:virtualAuthenticators: true}
Session ID: 71ef9d1c6c0dec02762ee5679eace8ad
For documentation on this error, please visit: https://www.seleniumhq.org/exceptions/no_such_element.html
Build info: version: '3.141.59', revision: 'e82be7d358', time: '2018-11-14T08:17:03'
System info: host: 'DESKTOP-T58IQ4C', ip: '192.168.100.5', os.name: 'Windows 10', os.arch: 'amd64', os.version: '10.0', java.version: '16.0.1'
Driver info: driver.version: unknown
2021-08-30 18:57:01 DEBUG - Got browser profile options from settings file: 
{disable-popup-blocking=true, profile.default_content_settings.popups=0, download.prompt_for_download=false, intl.accept_languages=en, safebrowsing.enabled=true, download.default_directory=//home//selenium//downloads}
2021-08-30 18:57:01 DEBUG - Got browser capabilities from settings file: 
{enableVNC=true}
2021-08-30 18:57:02 DEBUG - Set '15' timeout in seconds for loading of pages
2021-08-30 18:57:02 DEBUG - Set async javascript execution timeout '10' in seconds
2021-08-30 18:57:02 INFO  - Browser 'CHROME' ready...
2021-08-30 18:57:02 INFO  - Navigate to url - 'http://the-internet.herokuapp.com/windows'
2021-08-30 18:57:04 INFO  - Waiting for page to load
2021-08-30 18:57:04 INFO  - Link 'Click here link' :: Clicking
2021-08-30 18:57:04 INFO  - Waiting for page to load
2021-08-30 18:57:04 INFO  - Waiting for page to load
2021-08-30 18:57:04 INFO  - Label 'New window label' :: Getting text from element
2021-08-30 18:57:34 DEBUG - Page source:
<html class="no-js" lang="en"><!--<![endif]--><head>
    <script src="/js/vendor/298279967.js"></script>
    <meta charset="utf-8">
    <meta name="viewport" content="width=device-width">
    <title>The Internet</title>
    <link href="/css/app.css" rel="stylesheet">
    <link href="/css/font-awesome.css" rel="stylesheet">
    <script src="/js/vendor/jquery-1.11.3.min.js"></script>
    <script src="/js/vendor/jquery-ui-1.11.4/jquery-ui.js"></script>
    <script src="/js/foundation/foundation.js"></script><meta class="foundation-mq-small"><meta class="foundation-mq-medium"><meta class="foundation-mq-large"><style></style>
    <script src="/js/foundation/foundation.alerts.js"></script>
    <script>
      $(document).foundation();
    </script>
  </head>
  <body>
    <div class="row">
      <div id="flash-messages" class="large-12 columns">
      
        
      
        
      
        
      
      </div>
    </div>
    <div class="row">
      <a href="https://github.com/tourdedave/the-internet"><img style="position: absolute; top: 0; right: 0; border: 0;" src="/img/forkme_right_green_007200.png" alt="Fork me on GitHub"></a>
      <div id="content" class="large-12 columns">
        <div class="example">
  <h3>Opening a new window</h3>
  <a href="/windows/new" ,="" target="_blank" style="border: 3px solid red;">Click Here</a>
</div>

      </div>
    </div>
    <div id="page-footer" class="row">
      <div class="large-4 large-centered columns">
        <hr>
        <div style="text-align: center;">Powered by <a target="_blank" href="http://elementalselenium.com/">Elemental Selenium</a></div>
      </div>
    </div>
  

</body></html>
org.openqa.selenium.NoSuchElementException: No elements with locator 'By.xpath: //h3[text()='New Window']' were found in EXISTS_IN_ANY_STATE state: Expected condition failed:  (tried for 30 second(s) with 300 milliseconds interval)
Build info: version: '3.141.59', revision: 'e82be7d358', time: '2018-11-14T08:17:03'
System info: host: 'DESKTOP-T58IQ4C', ip: '192.168.100.5', os.name: 'Windows 10', os.arch: 'amd64', os.version: '10.0', java.version: '16.0.1'
Driver info: org.openqa.selenium.chrome.ChromeDriver
Capabilities {acceptInsecureCerts: false, browserName: chrome, browserVersion: 92.0.4515.159, chrome: {chromedriverVersion: 92.0.4515.107 (87a818b10553..., userDataDir: C:\Users\Lenovo\AppData\Loc...}, goog:chromeOptions: {debuggerAddress: localhost:51863}, javascriptEnabled: true, networkConnectionEnabled: false, pageLoadStrategy: normal, platform: WINDOWS, platformName: WINDOWS, proxy: Proxy(), setWindowRect: true, strictFileInteractability: false, timeouts: {implicit: 0, pageLoad: 300000, script: 30000}, unhandledPromptBehavior: dismiss and notify, webauthn:extension:credBlob: true, webauthn:extension:largeBlob: true, webauthn:virtualAuthenticators: true}
Session ID: 408eff9d7c3e99f6535567853b79c380
For documentation on this error, please visit: https://www.seleniumhq.org/exceptions/no_such_element.html
Build info: version: '3.141.59', revision: 'e82be7d358', time: '2018-11-14T08:17:03'
System info: host: 'DESKTOP-T58IQ4C', ip: '192.168.100.5', os.name: 'Windows 10', os.arch: 'amd64', os.version: '10.0', java.version: '16.0.1'
Driver info: driver.version: unknown
	at aquality.selenium.core.elements.ElementFinder.handleTimeoutException(ElementFinder.java:75)
	at aquality.selenium.core.elements.ElementFinder.findElements(ElementFinder.java:36)
	at aquality.selenium.core.elements.interfaces.IElementFinder.findElement(IElementFinder.java:51)
	at aquality.selenium.core.elements.Element.getElement(Element.java:95)
	at aquality.selenium.elements.Element.getElement(Element.java:84)
	at aquality.selenium.core.elements.interfaces.IElement.getElement(IElement.java:38)
	at aquality.selenium.elements.actions.JsActions.lambda$executeScript$0(JsActions.java:158)
	at aquality.selenium.core.utilities.ActionRetrier.doWithRetry(ActionRetrier.java:33)
	at aquality.selenium.core.utilities.ElementActionRetrier.doWithRetry(ElementActionRetrier.java:22)
	at aquality.selenium.elements.actions.JsActions.executeScript(JsActions.java:158)
	at aquality.selenium.elements.actions.JsActions.highlightElement(JsActions.java:55)
	at aquality.selenium.elements.actions.JsActions.highlightElement(JsActions.java:47)
	at aquality.selenium.elements.Element.getText(Element.java:117)
	at aquality.selenium.elements.Element.getText(Element.java:111)
	at steps_definition.HandlesSteps.checkPageText(HandlesSteps.java:51)
	at java.base/jdk.internal.reflect.NativeMethodAccessorImpl.invoke0(Native Method)
	at java.base/jdk.internal.reflect.NativeMethodAccessorImpl.invoke(NativeMethodAccessorImpl.java:78)
	at java.base/jdk.internal.reflect.DelegatingMethodAccessorImpl.invoke(DelegatingMethodAccessorImpl.java:43)
	at java.base/java.lang.reflect.Method.invoke(Method.java:567)
	at io.cucumber.java.Invoker.invoke(Invoker.java:27)
	at io.cucumber.java.JavaStepDefinition.execute(JavaStepDefinition.java:27)
	at io.cucumber.core.runner.PickleStepDefinitionMatch.runStep(PickleStepDefinitionMatch.java:63)
	at io.cucumber.core.runner.TestStep.executeStep(TestStep.java:64)
	at io.cucumber.core.runner.TestStep.run(TestStep.java:49)
	at io.cucumber.core.runner.PickleStepTestStep.run(PickleStepTestStep.java:46)
	at io.cucumber.core.runner.TestCase.run(TestCase.java:51)
	at io.cucumber.core.runner.Runner.runPickle(Runner.java:67)
	at io.cucumber.core.runtime.Runtime.lambda$run$2(Runtime.java:100)
	at java.base/java.util.concurrent.Executors$RunnableAdapter.call(Executors.java:515)
	at java.base/java.util.concurrent.FutureTask.run(FutureTask.java:264)
	at io.cucumber.core.runtime.Runtime$SameThreadExecutorService.execute(Runtime.java:243)
	at java.base/java.util.concurrent.AbstractExecutorService.submit(AbstractExecutorService.java:123)
	at io.cucumber.core.runtime.Runtime.lambda$run$3(Runtime.java:100)
	at java.base/java.util.stream.ReferencePipeline$3$1.accept(ReferencePipeline.java:197)
	at java.base/java.util.stream.SliceOps$1$1.accept(SliceOps.java:199)
	at java.base/java.util.ArrayList$ArrayListSpliterator.tryAdvance(ArrayList.java:1602)
	at java.base/java.util.stream.ReferencePipeline.forEachWithCancel(ReferencePipeline.java:129)
	at java.base/java.util.stream.AbstractPipeline.copyIntoWithCancel(AbstractPipeline.java:502)
	at java.base/java.util.stream.AbstractPipeline.copyInto(AbstractPipeline.java:488)
	at java.base/java.util.stream.AbstractPipeline.wrapAndCopyInto(AbstractPipeline.java:474)
	at java.base/java.util.stream.ReduceOps$ReduceOp.evaluateSequential(ReduceOps.java:913)
	at java.base/java.util.stream.AbstractPipeline.evaluate(AbstractPipeline.java:234)
	at java.base/java.util.stream.ReferencePipeline.collect(ReferencePipeline.java:682)
	at io.cucumber.core.runtime.Runtime.run(Runtime.java:101)
	at io.cucumber.core.cli.Main.run(Main.java:75)
	at io.cucumber.core.cli.Main.main(Main.java:31)
2021-08-30 18:57:34 ERROR - No elements with locator 'By.xpath: //h3[text()='New Window']' were found in EXISTS_IN_ANY_STATE state: Expected condition failed:  (tried for 30 second(s) with 300 milliseconds interval)
Build info: version: '3.141.59', revision: 'e82be7d358', time: '2018-11-14T08:17:03'
System info: host: 'DESKTOP-T58IQ4C', ip: '192.168.100.5', os.name: 'Windows 10', os.arch: 'amd64', os.version: '10.0', java.version: '16.0.1'
Driver info: org.openqa.selenium.chrome.ChromeDriver
Capabilities {acceptInsecureCerts: false, browserName: chrome, browserVersion: 92.0.4515.159, chrome: {chromedriverVersion: 92.0.4515.107 (87a818b10553..., userDataDir: C:\Users\Lenovo\AppData\Loc...}, goog:chromeOptions: {debuggerAddress: localhost:51863}, javascriptEnabled: true, networkConnectionEnabled: false, pageLoadStrategy: normal, platform: WINDOWS, platformName: WINDOWS, proxy: Proxy(), setWindowRect: true, strictFileInteractability: false, timeouts: {implicit: 0, pageLoad: 300000, script: 30000}, unhandledPromptBehavior: dismiss and notify, webauthn:extension:credBlob: true, webauthn:extension:largeBlob: true, webauthn:virtualAuthenticators: true}
Session ID: 408eff9d7c3e99f6535567853b79c380
For documentation on this error, please visit: https://www.seleniumhq.org/exceptions/no_such_element.html
Build info: version: '3.141.59', revision: 'e82be7d358', time: '2018-11-14T08:17:03'
System info: host: 'DESKTOP-T58IQ4C', ip: '192.168.100.5', os.name: 'Windows 10', os.arch: 'amd64', os.version: '10.0', java.version: '16.0.1'
Driver info: driver.version: unknown
2021-08-30 18:58:32 DEBUG - Got browser profile options from settings file: 
{disable-popup-blocking=true, profile.default_content_settings.popups=0, download.prompt_for_download=false, intl.accept_languages=en, safebrowsing.enabled=true, download.default_directory=//home//selenium//downloads}
2021-08-30 18:58:32 DEBUG - Got browser capabilities from settings file: 
{enableVNC=true}
2021-08-30 18:58:33 DEBUG - Set '15' timeout in seconds for loading of pages
2021-08-30 18:58:33 DEBUG - Set async javascript execution timeout '10' in seconds
2021-08-30 18:58:33 INFO  - Browser 'CHROME' ready...
2021-08-30 18:58:33 INFO  - Navigate to url - 'http://the-internet.herokuapp.com/windows'
2021-08-30 18:58:35 INFO  - Waiting for page to load
2021-08-30 18:58:35 INFO  - Link 'Click here link' :: Clicking
2021-08-30 18:58:35 INFO  - Waiting for page to load
2021-08-30 18:58:35 INFO  - Waiting for page to load
2021-08-30 18:58:35 INFO  - Label 'New window label' :: Getting text from element
2021-08-30 18:59:05 DEBUG - Page source:
<html class="no-js" lang="en"><!--<![endif]--><head>
    <script src="/js/vendor/298279967.js"></script>
    <meta charset="utf-8">
    <meta name="viewport" content="width=device-width">
    <title>The Internet</title>
    <link href="/css/app.css" rel="stylesheet">
    <link href="/css/font-awesome.css" rel="stylesheet">
    <script src="/js/vendor/jquery-1.11.3.min.js"></script>
    <script src="/js/vendor/jquery-ui-1.11.4/jquery-ui.js"></script>
    <script src="/js/foundation/foundation.js"></script><meta class="foundation-mq-small"><meta class="foundation-mq-medium"><meta class="foundation-mq-large"><style></style>
    <script src="/js/foundation/foundation.alerts.js"></script>
    <script>
      $(document).foundation();
    </script>
  </head>
  <body>
    <div class="row">
      <div id="flash-messages" class="large-12 columns">
      
        
      
        
      
        
      
      </div>
    </div>
    <div class="row">
      <a href="https://github.com/tourdedave/the-internet"><img style="position: absolute; top: 0; right: 0; border: 0;" src="/img/forkme_right_green_007200.png" alt="Fork me on GitHub"></a>
      <div id="content" class="large-12 columns">
        <div class="example">
  <h3>Opening a new window</h3>
  <a href="/windows/new" ,="" target="_blank" style="border: 3px solid red;">Click Here</a>
</div>

      </div>
    </div>
    <div id="page-footer" class="row">
      <div class="large-4 large-centered columns">
        <hr>
        <div style="text-align: center;">Powered by <a target="_blank" href="http://elementalselenium.com/">Elemental Selenium</a></div>
      </div>
    </div>
  

</body></html>
org.openqa.selenium.NoSuchElementException: No elements with locator 'By.xpath: /html/body/div/h3' were found in EXISTS_IN_ANY_STATE state: Expected condition failed:  (tried for 30 second(s) with 300 milliseconds interval)
Build info: version: '3.141.59', revision: 'e82be7d358', time: '2018-11-14T08:17:03'
System info: host: 'DESKTOP-T58IQ4C', ip: '192.168.100.5', os.name: 'Windows 10', os.arch: 'amd64', os.version: '10.0', java.version: '16.0.1'
Driver info: org.openqa.selenium.chrome.ChromeDriver
Capabilities {acceptInsecureCerts: false, browserName: chrome, browserVersion: 92.0.4515.159, chrome: {chromedriverVersion: 92.0.4515.107 (87a818b10553..., userDataDir: C:\Users\Lenovo\AppData\Loc...}, goog:chromeOptions: {debuggerAddress: localhost:52243}, javascriptEnabled: true, networkConnectionEnabled: false, pageLoadStrategy: normal, platform: WINDOWS, platformName: WINDOWS, proxy: Proxy(), setWindowRect: true, strictFileInteractability: false, timeouts: {implicit: 0, pageLoad: 300000, script: 30000}, unhandledPromptBehavior: dismiss and notify, webauthn:extension:credBlob: true, webauthn:extension:largeBlob: true, webauthn:virtualAuthenticators: true}
Session ID: 650daaa49a53cc206032434f61770025
For documentation on this error, please visit: https://www.seleniumhq.org/exceptions/no_such_element.html
Build info: version: '3.141.59', revision: 'e82be7d358', time: '2018-11-14T08:17:03'
System info: host: 'DESKTOP-T58IQ4C', ip: '192.168.100.5', os.name: 'Windows 10', os.arch: 'amd64', os.version: '10.0', java.version: '16.0.1'
Driver info: driver.version: unknown
	at aquality.selenium.core.elements.ElementFinder.handleTimeoutException(ElementFinder.java:75)
	at aquality.selenium.core.elements.ElementFinder.findElements(ElementFinder.java:36)
	at aquality.selenium.core.elements.interfaces.IElementFinder.findElement(IElementFinder.java:51)
	at aquality.selenium.core.elements.Element.getElement(Element.java:95)
	at aquality.selenium.elements.Element.getElement(Element.java:84)
	at aquality.selenium.core.elements.interfaces.IElement.getElement(IElement.java:38)
	at aquality.selenium.elements.actions.JsActions.lambda$executeScript$0(JsActions.java:158)
	at aquality.selenium.core.utilities.ActionRetrier.doWithRetry(ActionRetrier.java:33)
	at aquality.selenium.core.utilities.ElementActionRetrier.doWithRetry(ElementActionRetrier.java:22)
	at aquality.selenium.elements.actions.JsActions.executeScript(JsActions.java:158)
	at aquality.selenium.elements.actions.JsActions.highlightElement(JsActions.java:55)
	at aquality.selenium.elements.actions.JsActions.highlightElement(JsActions.java:47)
	at aquality.selenium.elements.Element.getText(Element.java:117)
	at aquality.selenium.elements.Element.getText(Element.java:111)
	at steps_definition.HandlesSteps.checkPageText(HandlesSteps.java:51)
	at java.base/jdk.internal.reflect.NativeMethodAccessorImpl.invoke0(Native Method)
	at java.base/jdk.internal.reflect.NativeMethodAccessorImpl.invoke(NativeMethodAccessorImpl.java:78)
	at java.base/jdk.internal.reflect.DelegatingMethodAccessorImpl.invoke(DelegatingMethodAccessorImpl.java:43)
	at java.base/java.lang.reflect.Method.invoke(Method.java:567)
	at io.cucumber.java.Invoker.invoke(Invoker.java:27)
	at io.cucumber.java.JavaStepDefinition.execute(JavaStepDefinition.java:27)
	at io.cucumber.core.runner.PickleStepDefinitionMatch.runStep(PickleStepDefinitionMatch.java:63)
	at io.cucumber.core.runner.TestStep.executeStep(TestStep.java:64)
	at io.cucumber.core.runner.TestStep.run(TestStep.java:49)
	at io.cucumber.core.runner.PickleStepTestStep.run(PickleStepTestStep.java:46)
	at io.cucumber.core.runner.TestCase.run(TestCase.java:51)
	at io.cucumber.core.runner.Runner.runPickle(Runner.java:67)
	at io.cucumber.core.runtime.Runtime.lambda$run$2(Runtime.java:100)
	at java.base/java.util.concurrent.Executors$RunnableAdapter.call(Executors.java:515)
	at java.base/java.util.concurrent.FutureTask.run(FutureTask.java:264)
	at io.cucumber.core.runtime.Runtime$SameThreadExecutorService.execute(Runtime.java:243)
	at java.base/java.util.concurrent.AbstractExecutorService.submit(AbstractExecutorService.java:123)
	at io.cucumber.core.runtime.Runtime.lambda$run$3(Runtime.java:100)
	at java.base/java.util.stream.ReferencePipeline$3$1.accept(ReferencePipeline.java:197)
	at java.base/java.util.stream.SliceOps$1$1.accept(SliceOps.java:199)
	at java.base/java.util.ArrayList$ArrayListSpliterator.tryAdvance(ArrayList.java:1602)
	at java.base/java.util.stream.ReferencePipeline.forEachWithCancel(ReferencePipeline.java:129)
	at java.base/java.util.stream.AbstractPipeline.copyIntoWithCancel(AbstractPipeline.java:502)
	at java.base/java.util.stream.AbstractPipeline.copyInto(AbstractPipeline.java:488)
	at java.base/java.util.stream.AbstractPipeline.wrapAndCopyInto(AbstractPipeline.java:474)
	at java.base/java.util.stream.ReduceOps$ReduceOp.evaluateSequential(ReduceOps.java:913)
	at java.base/java.util.stream.AbstractPipeline.evaluate(AbstractPipeline.java:234)
	at java.base/java.util.stream.ReferencePipeline.collect(ReferencePipeline.java:682)
	at io.cucumber.core.runtime.Runtime.run(Runtime.java:101)
	at io.cucumber.core.cli.Main.run(Main.java:75)
	at io.cucumber.core.cli.Main.main(Main.java:31)
2021-08-30 18:59:05 ERROR - No elements with locator 'By.xpath: /html/body/div/h3' were found in EXISTS_IN_ANY_STATE state: Expected condition failed:  (tried for 30 second(s) with 300 milliseconds interval)
Build info: version: '3.141.59', revision: 'e82be7d358', time: '2018-11-14T08:17:03'
System info: host: 'DESKTOP-T58IQ4C', ip: '192.168.100.5', os.name: 'Windows 10', os.arch: 'amd64', os.version: '10.0', java.version: '16.0.1'
Driver info: org.openqa.selenium.chrome.ChromeDriver
Capabilities {acceptInsecureCerts: false, browserName: chrome, browserVersion: 92.0.4515.159, chrome: {chromedriverVersion: 92.0.4515.107 (87a818b10553..., userDataDir: C:\Users\Lenovo\AppData\Loc...}, goog:chromeOptions: {debuggerAddress: localhost:52243}, javascriptEnabled: true, networkConnectionEnabled: false, pageLoadStrategy: normal, platform: WINDOWS, platformName: WINDOWS, proxy: Proxy(), setWindowRect: true, strictFileInteractability: false, timeouts: {implicit: 0, pageLoad: 300000, script: 30000}, unhandledPromptBehavior: dismiss and notify, webauthn:extension:credBlob: true, webauthn:extension:largeBlob: true, webauthn:virtualAuthenticators: true}
Session ID: 650daaa49a53cc206032434f61770025
For documentation on this error, please visit: https://www.seleniumhq.org/exceptions/no_such_element.html
Build info: version: '3.141.59', revision: 'e82be7d358', time: '2018-11-14T08:17:03'
System info: host: 'DESKTOP-T58IQ4C', ip: '192.168.100.5', os.name: 'Windows 10', os.arch: 'amd64', os.version: '10.0', java.version: '16.0.1'
Driver info: driver.version: unknown
2021-08-30 19:01:06 DEBUG - Got browser profile options from settings file: 
{disable-popup-blocking=true, profile.default_content_settings.popups=0, download.prompt_for_download=false, intl.accept_languages=en, safebrowsing.enabled=true, download.default_directory=//home//selenium//downloads}
2021-08-30 19:01:06 DEBUG - Got browser capabilities from settings file: 
{enableVNC=true}
2021-08-30 19:01:06 DEBUG - Set '15' timeout in seconds for loading of pages
2021-08-30 19:01:06 DEBUG - Set async javascript execution timeout '10' in seconds
2021-08-30 19:01:06 INFO  - Browser 'CHROME' ready...
2021-08-30 19:01:06 INFO  - Navigate to url - 'http://the-internet.herokuapp.com/windows'
2021-08-30 19:01:08 INFO  - Waiting for page to load
2021-08-30 19:01:09 INFO  - Link 'Click here link' :: Clicking
2021-08-30 19:01:09 INFO  - Waiting for page to load
2021-08-30 19:01:09 INFO  - Waiting for page to load
2021-08-30 19:01:09 INFO  - Waiting for page to load
2021-08-30 19:01:09 INFO  - Label 'New window label' :: Getting text from element
2021-08-30 19:08:22 DEBUG - Got browser profile options from settings file: 
{disable-popup-blocking=true, profile.default_content_settings.popups=0, download.prompt_for_download=false, intl.accept_languages=en, safebrowsing.enabled=true, download.default_directory=//home//selenium//downloads}
2021-08-30 19:08:22 DEBUG - Got browser capabilities from settings file: 
{enableVNC=true}
2021-08-30 19:08:23 DEBUG - Set '15' timeout in seconds for loading of pages
2021-08-30 19:08:23 DEBUG - Set async javascript execution timeout '10' in seconds
2021-08-30 19:08:23 INFO  - Browser 'CHROME' ready...
2021-08-30 19:08:23 INFO  - Navigate to url - 'http://the-internet.herokuapp.com/windows'
2021-08-30 19:08:27 INFO  - Waiting for page to load
2021-08-30 19:08:27 INFO  - Link 'Click here link' :: Clicking
2021-08-30 19:08:27 INFO  - Waiting for page to load
2021-08-30 19:08:27 INFO  - Waiting for page to load
2021-08-30 19:15:03 DEBUG - Got browser profile options from settings file: 
{disable-popup-blocking=true, profile.default_content_settings.popups=0, download.prompt_for_download=false, intl.accept_languages=en, safebrowsing.enabled=true, download.default_directory=//home//selenium//downloads}
2021-08-30 19:15:03 DEBUG - Got browser capabilities from settings file: 
{enableVNC=true}
2021-08-30 19:15:04 DEBUG - Set '15' timeout in seconds for loading of pages
2021-08-30 19:15:04 DEBUG - Set async javascript execution timeout '10' in seconds
2021-08-30 19:15:04 INFO  - Browser 'CHROME' ready...
2021-08-30 19:15:04 INFO  - Navigate to url - 'http://the-internet.herokuapp.com/windows'
2021-08-30 19:15:08 INFO  - Waiting for page to load
2021-08-30 19:15:08 INFO  - Link 'Click here link' :: Clicking
2021-08-30 19:15:08 INFO  - Waiting for page to load
2021-08-30 19:15:08 INFO  - Waiting for page to load
2021-08-30 19:20:53 DEBUG - Got browser profile options from settings file: 
{disable-popup-blocking=true, profile.default_content_settings.popups=0, download.prompt_for_download=false, intl.accept_languages=en, safebrowsing.enabled=true, download.default_directory=//home//selenium//downloads}
2021-08-30 19:20:53 DEBUG - Got browser capabilities from settings file: 
{enableVNC=true}
2021-08-30 19:20:53 DEBUG - Set '15' timeout in seconds for loading of pages
2021-08-30 19:20:53 DEBUG - Set async javascript execution timeout '10' in seconds
2021-08-30 19:20:53 INFO  - Browser 'CHROME' ready...
2021-08-30 19:20:53 INFO  - Navigate to url - 'http://the-internet.herokuapp.com/windows'
2021-08-30 19:20:55 INFO  - Waiting for page to load
2021-08-30 19:20:55 INFO  - Link 'Click here link' :: Clicking
2021-08-30 19:20:56 INFO  - Waiting for page to load
2021-08-30 19:20:56 INFO  - Waiting for page to load
2021-08-30 19:22:10 DEBUG - Got browser profile options from settings file: 
{disable-popup-blocking=true, profile.default_content_settings.popups=0, download.prompt_for_download=false, intl.accept_languages=en, safebrowsing.enabled=true, download.default_directory=//home//selenium//downloads}
2021-08-30 19:22:10 DEBUG - Got browser capabilities from settings file: 
{enableVNC=true}
2021-08-30 19:22:11 DEBUG - Set '15' timeout in seconds for loading of pages
2021-08-30 19:22:11 DEBUG - Set async javascript execution timeout '10' in seconds
2021-08-30 19:22:11 INFO  - Browser 'CHROME' ready...
2021-08-30 19:22:11 INFO  - Navigate to url - 'http://the-internet.herokuapp.com/windows'
2021-08-30 19:22:14 INFO  - Waiting for page to load
2021-08-30 19:22:14 INFO  - Link 'Click here link' :: Clicking
2021-08-30 19:22:14 INFO  - Waiting for page to load
2021-08-30 19:22:14 INFO  - Waiting for page to load
2021-08-30 19:30:48 DEBUG - Got browser profile options from settings file: 
{disable-popup-blocking=true, profile.default_content_settings.popups=0, download.prompt_for_download=false, intl.accept_languages=en, safebrowsing.enabled=true, download.default_directory=//home//selenium//downloads}
2021-08-30 19:30:48 DEBUG - Got browser capabilities from settings file: 
{enableVNC=true}
2021-08-30 19:30:49 DEBUG - Set '15' timeout in seconds for loading of pages
2021-08-30 19:30:49 DEBUG - Set async javascript execution timeout '10' in seconds
2021-08-30 19:30:49 INFO  - Browser 'CHROME' ready...
2021-08-30 19:30:49 INFO  - Navigate to url - 'http://the-internet.herokuapp.com/windows'
2021-08-30 19:30:52 INFO  - Waiting for page to load
2021-08-30 19:30:52 INFO  - Link 'Click here link' :: Clicking
2021-08-30 19:30:52 INFO  - Waiting for page to load
2021-08-30 19:30:52 INFO  - Waiting for page to load
2021-08-30 19:36:05 DEBUG - Got browser profile options from settings file: 
{disable-popup-blocking=true, profile.default_content_settings.popups=0, download.prompt_for_download=false, intl.accept_languages=en, safebrowsing.enabled=true, download.default_directory=//home//selenium//downloads}
2021-08-30 19:36:05 DEBUG - Got browser capabilities from settings file: 
{enableVNC=true}
2021-08-30 19:36:06 DEBUG - Set '15' timeout in seconds for loading of pages
2021-08-30 19:36:06 DEBUG - Set async javascript execution timeout '10' in seconds
2021-08-30 19:36:06 INFO  - Browser 'CHROME' ready...
2021-08-30 19:36:06 INFO  - Navigate to url - 'http://the-internet.herokuapp.com/windows'
2021-08-30 19:36:08 INFO  - Waiting for page to load
2021-08-30 19:36:08 INFO  - Link 'Click here link' :: Clicking
2021-08-30 19:36:08 INFO  - Waiting for page to load
2021-08-30 19:36:08 INFO  - Waiting for page to load
2021-08-30 19:47:15 DEBUG - Got browser profile options from settings file: 
{disable-popup-blocking=true, profile.default_content_settings.popups=0, download.prompt_for_download=false, intl.accept_languages=en, safebrowsing.enabled=true, download.default_directory=//home//selenium//downloads}
2021-08-30 19:47:15 DEBUG - Got browser capabilities from settings file: 
{enableVNC=true}
2021-08-30 19:47:16 DEBUG - Set '15' timeout in seconds for loading of pages
2021-08-30 19:47:16 DEBUG - Set async javascript execution timeout '10' in seconds
2021-08-30 19:47:16 INFO  - Browser 'CHROME' ready...
2021-08-30 19:47:16 INFO  - Navigate to url - 'http://the-internet.herokuapp.com/windows'
2021-08-30 19:47:19 INFO  - Waiting for page to load
2021-08-30 19:47:19 INFO  - Link 'Click here link' :: Clicking
2021-08-30 19:47:19 INFO  - Waiting for page to load
2021-08-30 19:47:19 INFO  - Waiting for page to load
2021-08-30 19:55:50 DEBUG - Got browser profile options from settings file: 
{disable-popup-blocking=true, profile.default_content_settings.popups=0, download.prompt_for_download=false, intl.accept_languages=en, safebrowsing.enabled=true, download.default_directory=//home//selenium//downloads}
2021-08-30 19:55:50 DEBUG - Got browser capabilities from settings file: 
{enableVNC=true}
2021-08-30 19:55:50 DEBUG - Set '15' timeout in seconds for loading of pages
2021-08-30 19:55:50 DEBUG - Set async javascript execution timeout '10' in seconds
2021-08-30 19:55:50 INFO  - Browser 'CHROME' ready...
2021-08-30 19:55:50 INFO  - Navigate to url - 'http://the-internet.herokuapp.com/windows'
2021-08-30 19:55:54 INFO  - Waiting for page to load
2021-08-30 19:55:54 INFO  - Link 'Click here link' :: Clicking
2021-08-30 19:55:54 INFO  - Waiting for page to load
2021-08-30 19:55:54 INFO  - Waiting for page to load
2021-08-30 19:56:58 DEBUG - Got browser profile options from settings file: 
{disable-popup-blocking=true, profile.default_content_settings.popups=0, download.prompt_for_download=false, intl.accept_languages=en, safebrowsing.enabled=true, download.default_directory=//home//selenium//downloads}
2021-08-30 19:56:58 DEBUG - Got browser capabilities from settings file: 
{enableVNC=true}
2021-08-30 19:56:58 DEBUG - Set '15' timeout in seconds for loading of pages
2021-08-30 19:56:58 DEBUG - Set async javascript execution timeout '10' in seconds
2021-08-30 19:56:58 INFO  - Browser 'CHROME' ready...
2021-08-30 19:56:58 INFO  - Navigate to url - 'http://the-internet.herokuapp.com/windows'
2021-08-30 19:57:01 INFO  - Waiting for page to load
2021-08-30 19:57:01 INFO  - Link 'Click here link' :: Clicking
2021-08-30 19:57:01 INFO  - Waiting for page to load
2021-08-30 19:57:01 INFO  - Waiting for page to load
2021-08-30 19:57:54 DEBUG - Got browser profile options from settings file: 
{disable-popup-blocking=true, profile.default_content_settings.popups=0, download.prompt_for_download=false, intl.accept_languages=en, safebrowsing.enabled=true, download.default_directory=//home//selenium//downloads}
2021-08-30 19:57:54 DEBUG - Got browser capabilities from settings file: 
{enableVNC=true}
2021-08-30 19:57:55 DEBUG - Set '15' timeout in seconds for loading of pages
2021-08-30 19:57:55 DEBUG - Set async javascript execution timeout '10' in seconds
2021-08-30 19:57:55 INFO  - Browser 'CHROME' ready...
2021-08-30 19:57:55 INFO  - Navigate to url - 'http://the-internet.herokuapp.com/windows'
2021-08-30 19:57:58 INFO  - Waiting for page to load
2021-08-30 19:57:58 INFO  - Link 'Click here link' :: Clicking
2021-08-30 19:57:58 INFO  - Waiting for page to load
2021-08-30 19:57:58 INFO  - Waiting for page to load
2021-08-30 19:58:17 DEBUG - Got browser profile options from settings file: 
{disable-popup-blocking=true, profile.default_content_settings.popups=0, download.prompt_for_download=false, intl.accept_languages=en, safebrowsing.enabled=true, download.default_directory=//home//selenium//downloads}
2021-08-30 19:58:17 DEBUG - Got browser capabilities from settings file: 
{enableVNC=true}
2021-08-30 19:58:18 DEBUG - Set '15' timeout in seconds for loading of pages
2021-08-30 19:58:18 DEBUG - Set async javascript execution timeout '10' in seconds
2021-08-30 19:58:18 INFO  - Browser 'CHROME' ready...
2021-08-30 19:58:18 INFO  - Navigate to url - 'http://the-internet.herokuapp.com/windows'
2021-08-30 19:58:20 INFO  - Waiting for page to load
2021-08-30 19:58:20 INFO  - Link 'Click here link' :: Clicking
2021-08-30 19:58:20 INFO  - Waiting for page to load
2021-08-30 19:58:20 INFO  - Waiting for page to load
2021-08-30 22:50:06 DEBUG - Got browser profile options from settings file: 
{disable-popup-blocking=true, profile.default_content_settings.popups=0, download.prompt_for_download=false, intl.accept_languages=en, safebrowsing.enabled=true, download.default_directory=//home//selenium//downloads}
2021-08-30 22:50:06 DEBUG - Got browser capabilities from settings file: 
{enableVNC=true}
2021-08-30 22:50:07 DEBUG - Set '15' timeout in seconds for loading of pages
2021-08-30 22:50:07 DEBUG - Set async javascript execution timeout '10' in seconds
2021-08-30 22:50:07 INFO  - Browser 'CHROME' ready...
2021-08-30 22:50:07 INFO  - Navigate to url - 'http://the-internet.herokuapp.com/windows'
2021-08-30 22:50:11 INFO  - Waiting for page to load
2021-08-30 22:50:11 INFO  - Link 'Click here link' :: Clicking
2021-08-30 22:50:11 INFO  - Waiting for page to load
2021-08-30 22:50:11 INFO  - Waiting for page to load
2021-08-30 22:56:46 DEBUG - Got browser profile options from settings file: 
{disable-popup-blocking=true, profile.default_content_settings.popups=0, download.prompt_for_download=false, intl.accept_languages=en, safebrowsing.enabled=true, download.default_directory=//home//selenium//downloads}
2021-08-30 22:56:46 DEBUG - Got browser capabilities from settings file: 
{enableVNC=true}
2021-08-30 22:56:48 DEBUG - Set '15' timeout in seconds for loading of pages
2021-08-30 22:56:48 DEBUG - Set async javascript execution timeout '10' in seconds
2021-08-30 22:56:48 INFO  - Browser 'CHROME' ready...
2021-08-30 22:56:48 INFO  - Navigate to url - 'http://the-internet.herokuapp.com/windows'
2021-08-30 22:56:51 INFO  - Waiting for page to load
2021-08-30 22:56:51 INFO  - Link 'Click here link' :: Clicking
2021-08-30 22:56:51 INFO  - Waiting for page to load
2021-08-30 22:56:51 INFO  - Waiting for page to load
2021-08-30 23:10:36 DEBUG - Got browser profile options from settings file: 
{disable-popup-blocking=true, profile.default_content_settings.popups=0, download.prompt_for_download=false, intl.accept_languages=en, safebrowsing.enabled=true, download.default_directory=//home//selenium//downloads}
2021-08-30 23:10:36 DEBUG - Got browser capabilities from settings file: 
{enableVNC=true}
2021-08-30 23:10:37 DEBUG - Set '15' timeout in seconds for loading of pages
2021-08-30 23:10:37 DEBUG - Set async javascript execution timeout '10' in seconds
2021-08-30 23:10:37 INFO  - Browser 'CHROME' ready...
2021-08-30 23:10:37 INFO  - Navigate to url - 'http://the-internet.herokuapp.com/windows'
2021-08-30 23:10:40 INFO  - Waiting for page to load
2021-08-30 23:10:40 INFO  - Waiting for page to load
2021-08-30 23:10:40 INFO  - Link 'Click here link' :: Clicking
2021-08-30 23:10:40 INFO  - Waiting for page to load
2021-08-30 23:10:40 INFO  - Waiting for page to load
2021-08-30 23:29:18 DEBUG - Got browser profile options from settings file: 
{disable-popup-blocking=true, profile.default_content_settings.popups=0, download.prompt_for_download=false, intl.accept_languages=en, safebrowsing.enabled=true, download.default_directory=//home//selenium//downloads}
2021-08-30 23:29:18 DEBUG - Got browser capabilities from settings file: 
{enableVNC=true}
2021-08-30 23:29:19 DEBUG - Set '15' timeout in seconds for loading of pages
2021-08-30 23:29:19 DEBUG - Set async javascript execution timeout '10' in seconds
2021-08-30 23:29:19 INFO  - Browser 'CHROME' ready...
2021-08-30 23:29:19 INFO  - Navigate to url - 'http://the-internet.herokuapp.com/windows'
2021-08-30 23:29:22 INFO  - Waiting for page to load
2021-08-30 23:29:22 INFO  - Waiting for page to load
2021-08-30 23:29:22 INFO  - Link 'Click here link' :: Clicking
2021-08-30 23:29:23 INFO  - Waiting for page to load
2021-08-30 23:29:23 INFO  - Waiting for page to load
2021-08-30 23:29:23 INFO  - Waiting for page to load
2021-08-30 23:29:23 INFO  - Label 'New window label' :: Getting text from element
2021-08-30 23:29:23 INFO  - Label 'New window label' :: Element's text: [New Window]
2021-08-30 23:29:23 INFO  - Link 'Click here link' :: Clicking
2021-08-30 23:29:23 INFO  - Waiting for page to load
2021-08-30 23:29:23 INFO  - Waiting for page to load
2021-08-30 23:29:23 INFO  - Waiting for page to load
2021-08-30 23:29:23 INFO  - Label 'New window label' :: Getting text from element
2021-08-30 23:29:23 INFO  - Label 'New window label' :: Element's text: [New Window]
2021-08-30 23:29:38 DEBUG - Got browser profile options from settings file: 
{disable-popup-blocking=true, profile.default_content_settings.popups=0, download.prompt_for_download=false, intl.accept_languages=en, safebrowsing.enabled=true, download.default_directory=//home//selenium//downloads}
2021-08-30 23:29:38 DEBUG - Got browser capabilities from settings file: 
{enableVNC=true}
2021-08-30 23:29:39 DEBUG - Set '15' timeout in seconds for loading of pages
2021-08-30 23:29:39 DEBUG - Set async javascript execution timeout '10' in seconds
2021-08-30 23:29:39 INFO  - Browser 'CHROME' ready...
2021-08-30 23:29:39 INFO  - Navigate to url - 'http://the-internet.herokuapp.com/windows'
2021-08-30 23:29:42 INFO  - Waiting for page to load
2021-08-30 23:29:42 INFO  - Waiting for page to load
2021-08-30 23:29:42 INFO  - Link 'Click here link' :: Clicking
2021-08-30 23:29:42 INFO  - Waiting for page to load
2021-08-30 23:29:42 INFO  - Waiting for page to load
2021-08-30 23:29:42 INFO  - Waiting for page to load
2021-08-30 23:29:42 INFO  - Label 'New window label' :: Getting text from element
2021-08-30 23:29:42 INFO  - Label 'New window label' :: Element's text: [New Window]
2021-08-30 23:29:42 INFO  - Link 'Click here link' :: Clicking
2021-08-30 23:29:42 INFO  - Waiting for page to load
2021-08-30 23:29:42 INFO  - Waiting for page to load
2021-08-30 23:29:42 INFO  - Waiting for page to load
2021-08-30 23:29:43 INFO  - Label 'New window label' :: Getting text from element
2021-08-30 23:29:43 INFO  - Label 'New window label' :: Element's text: [New Window]
2021-08-30 23:31:02 DEBUG - Got browser profile options from settings file: 
{disable-popup-blocking=true, profile.default_content_settings.popups=0, download.prompt_for_download=false, intl.accept_languages=en, safebrowsing.enabled=true, download.default_directory=//home//selenium//downloads}
2021-08-30 23:31:02 DEBUG - Got browser capabilities from settings file: 
{enableVNC=true}
2021-08-30 23:31:03 DEBUG - Set '15' timeout in seconds for loading of pages
2021-08-30 23:31:03 DEBUG - Set async javascript execution timeout '10' in seconds
2021-08-30 23:31:03 INFO  - Browser 'CHROME' ready...
2021-08-30 23:31:03 INFO  - Navigate to url - 'http://the-internet.herokuapp.com/windows'
2021-08-30 23:31:06 INFO  - Waiting for page to load
2021-08-30 23:31:06 INFO  - Waiting for page to load
2021-08-30 23:31:06 INFO  - Link 'Click here link' :: Clicking
2021-08-30 23:31:06 INFO  - Waiting for page to load
2021-08-30 23:31:06 INFO  - Waiting for page to load
2021-08-30 23:31:06 INFO  - Waiting for page to load
2021-08-30 23:31:06 INFO  - Label 'New window label' :: Getting text from element
2021-08-30 23:31:06 INFO  - Label 'New window label' :: Element's text: [New Window]
2021-08-30 23:31:06 INFO  - Link 'Click here link' :: Clicking
2021-08-30 23:31:07 INFO  - Waiting for page to load
2021-08-30 23:31:07 INFO  - Waiting for page to load
2021-08-30 23:31:07 INFO  - Waiting for page to load
2021-08-30 23:31:07 INFO  - Label 'New window label' :: Getting text from element
2021-08-30 23:31:07 INFO  - Label 'New window label' :: Element's text: [New Window]
2021-08-30 23:31:24 DEBUG - Got browser profile options from settings file: 
{disable-popup-blocking=true, profile.default_content_settings.popups=0, download.prompt_for_download=false, intl.accept_languages=en, safebrowsing.enabled=true, download.default_directory=//home//selenium//downloads}
2021-08-30 23:31:24 DEBUG - Got browser capabilities from settings file: 
{enableVNC=true}
2021-08-30 23:31:25 DEBUG - Set '15' timeout in seconds for loading of pages
2021-08-30 23:31:25 DEBUG - Set async javascript execution timeout '10' in seconds
2021-08-30 23:31:25 INFO  - Browser 'CHROME' ready...
2021-08-30 23:31:25 INFO  - Navigate to url - 'http://the-internet.herokuapp.com/windows'
2021-08-30 23:31:31 INFO  - Waiting for page to load
2021-08-30 23:31:31 INFO  - Waiting for page to load
2021-08-30 23:31:31 INFO  - Link 'Click here link' :: Clicking
2021-08-30 23:31:31 INFO  - Waiting for page to load
2021-08-30 23:31:31 INFO  - Waiting for page to load
2021-08-30 23:31:31 INFO  - Waiting for page to load
2021-08-30 23:31:31 INFO  - Label 'New window label' :: Getting text from element
2021-08-30 23:31:31 INFO  - Label 'New window label' :: Element's text: [New Window]
2021-08-30 23:31:31 INFO  - Link 'Click here link' :: Clicking
2021-08-30 23:31:31 INFO  - Waiting for page to load
2021-08-30 23:31:31 INFO  - Waiting for page to load
2021-08-30 23:31:32 INFO  - Waiting for page to load
2021-08-30 23:31:32 INFO  - Label 'New window label' :: Getting text from element
2021-08-30 23:31:32 INFO  - Label 'New window label' :: Element's text: [New Window]
2021-08-31 00:14:40 DEBUG - Got browser profile options from settings file: 
{disable-popup-blocking=true, profile.default_content_settings.popups=0, download.prompt_for_download=false, intl.accept_languages=en, safebrowsing.enabled=true, download.default_directory=//home//selenium//downloads}
2021-08-31 00:14:40 DEBUG - Got browser capabilities from settings file: 
{enableVNC=true}
2021-08-31 00:14:41 DEBUG - Set '15' timeout in seconds for loading of pages
2021-08-31 00:14:41 DEBUG - Set async javascript execution timeout '10' in seconds
2021-08-31 00:14:41 INFO  - Browser 'CHROME' ready...
2021-08-31 00:14:41 INFO  - Navigate to url - 'http://the-internet.herokuapp.com/iframe'
2021-08-31 00:14:45 INFO  - Waiting for page to load
2021-08-31 00:14:45 INFO  - Text Field 'Frame input field' :: Sending keys 'a'
2021-08-31 00:14:45 INFO  - Text Field 'Frame input field' :: Sending key 'Keys.DELETE'
2021-08-31 00:14:45 INFO  - Text Field 'Frame input field' :: Sending keys 'MLbsaypk'
2021-08-31 00:14:45 INFO  - Text Field 'Frame input field' :: Getting text from element
2021-08-31 00:14:45 INFO  - Text Field 'Frame input field' :: Element's text: [MLbsaypk]
2021-08-31 00:14:45 INFO  - Text Field 'Frame input field' :: Sending keys 'a'
2021-08-31 00:14:45 INFO  - Button 'Bold button' :: Clicking
2021-08-31 00:22:35 DEBUG - Got browser profile options from settings file: 
{disable-popup-blocking=true, profile.default_content_settings.popups=0, download.prompt_for_download=false, intl.accept_languages=en, safebrowsing.enabled=true, download.default_directory=//home//selenium//downloads}
2021-08-31 00:22:35 DEBUG - Got browser capabilities from settings file: 
{enableVNC=true}
2021-08-31 00:22:36 DEBUG - Set '15' timeout in seconds for loading of pages
2021-08-31 00:22:36 DEBUG - Set async javascript execution timeout '10' in seconds
2021-08-31 00:22:36 INFO  - Browser 'CHROME' ready...
2021-08-31 00:22:36 INFO  - Navigate to url - 'http://the-internet.herokuapp.com/iframe'
2021-08-31 00:22:41 INFO  - Waiting for page to load
2021-08-31 00:22:41 INFO  - Text Field 'Frame input field' :: Sending keys 'a'
2021-08-31 00:22:41 INFO  - Text Field 'Frame input field' :: Sending key 'Keys.DELETE'
2021-08-31 00:22:41 INFO  - Text Field 'Frame input field' :: Sending keys 'EXYJZVVm'
2021-08-31 00:22:41 INFO  - Text Field 'Frame input field' :: Getting text from element
2021-08-31 00:22:41 INFO  - Text Field 'Frame input field' :: Element's text: [EXYJZVVm]
2021-08-31 00:22:41 INFO  - Text Field 'Frame input field' :: Sending keys 'a'
2021-08-31 00:22:41 INFO  - Button 'Bold button' :: Clicking
2021-08-31 00:23:12 DEBUG - Page source:
<html><head><meta http-equiv="Content-Type" content="text/html; charset=UTF-8"><link rel="stylesheet" type="text/css" id="mce-u0" crossorigin="anonymous" referrerpolicy="origin" href="https://cdn.tiny.cloud/1/mcq6n68fc0vsuywr7nx7awf11byv91g6ihxw5okkzj8aykz6/tinymce/5.8.2-114/skins/ui/oxide/content.min.css"><link rel="stylesheet" type="text/css" id="mce-u1" crossorigin="anonymous" referrerpolicy="origin" href="https://cdn.tiny.cloud/1/mcq6n68fc0vsuywr7nx7awf11byv91g6ihxw5okkzj8aykz6/tinymce/5.8.2-114/skins/content/default/content.min.css"></head><body id="tinymce" class="mce-content-body " data-id="mce_0" contenteditable="true" spellcheck="false"><p style="border: 3px solid red;">EXYJZVVm</p></body></html>
org.openqa.selenium.NoSuchElementException: No elements with locator 'By.xpath: //button[@aria-label='Bold']/child::span' were found in DISPLAYED state: Expected condition failed:  (tried for 30 second(s) with 300 milliseconds interval)
Build info: version: '3.141.59', revision: 'e82be7d358', time: '2018-11-14T08:17:03'
System info: host: 'DESKTOP-T58IQ4C', ip: '192.168.100.5', os.name: 'Windows 10', os.arch: 'amd64', os.version: '10.0', java.version: '16.0.1'
Driver info: org.openqa.selenium.chrome.ChromeDriver
Capabilities {acceptInsecureCerts: false, browserName: chrome, browserVersion: 92.0.4515.159, chrome: {chromedriverVersion: 92.0.4515.107 (87a818b10553..., userDataDir: C:\Users\Lenovo\AppData\Loc...}, goog:chromeOptions: {debuggerAddress: localhost:50391}, javascriptEnabled: true, networkConnectionEnabled: false, pageLoadStrategy: normal, platform: WINDOWS, platformName: WINDOWS, proxy: Proxy(), setWindowRect: true, strictFileInteractability: false, timeouts: {implicit: 0, pageLoad: 300000, script: 30000}, unhandledPromptBehavior: dismiss and notify, webauthn:extension:credBlob: true, webauthn:extension:largeBlob: true, webauthn:virtualAuthenticators: true}
Session ID: 6f9429c9d03191d3f8d6d2d60cb1d0f4
For documentation on this error, please visit: https://www.seleniumhq.org/exceptions/no_such_element.html
Build info: version: '3.141.59', revision: 'e82be7d358', time: '2018-11-14T08:17:03'
System info: host: 'DESKTOP-T58IQ4C', ip: '192.168.100.5', os.name: 'Windows 10', os.arch: 'amd64', os.version: '10.0', java.version: '16.0.1'
Driver info: driver.version: unknown
	at aquality.selenium.core.elements.ElementFinder.handleTimeoutException(ElementFinder.java:75)
	at aquality.selenium.core.elements.ElementFinder.findElements(ElementFinder.java:36)
	at aquality.selenium.core.elements.interfaces.IElementFinder.findElement(IElementFinder.java:51)
	at aquality.selenium.core.elements.Element.getElement(Element.java:95)
	at aquality.selenium.elements.Element.getElement(Element.java:84)
	at aquality.selenium.core.elements.interfaces.IElement.getElement(IElement.java:38)
	at aquality.selenium.elements.actions.JsActions.lambda$executeScript$0(JsActions.java:158)
	at aquality.selenium.core.utilities.ActionRetrier.doWithRetry(ActionRetrier.java:33)
	at aquality.selenium.core.utilities.ElementActionRetrier.doWithRetry(ElementActionRetrier.java:22)
	at aquality.selenium.elements.actions.JsActions.executeScript(JsActions.java:158)
	at aquality.selenium.elements.actions.JsActions.highlightElement(JsActions.java:55)
	at aquality.selenium.elements.actions.JsActions.highlightElement(JsActions.java:47)
	at aquality.selenium.elements.Element.click(Element.java:99)
	at aquality.selenium.elements.Element.clickAndWait(Element.java:105)
	at level_1.IFrame.main(IFrame.java:46)
2021-08-31 00:23:12 ERROR - No elements with locator 'By.xpath: //button[@aria-label='Bold']/child::span' were found in DISPLAYED state: Expected condition failed:  (tried for 30 second(s) with 300 milliseconds interval)
Build info: version: '3.141.59', revision: 'e82be7d358', time: '2018-11-14T08:17:03'
System info: host: 'DESKTOP-T58IQ4C', ip: '192.168.100.5', os.name: 'Windows 10', os.arch: 'amd64', os.version: '10.0', java.version: '16.0.1'
Driver info: org.openqa.selenium.chrome.ChromeDriver
Capabilities {acceptInsecureCerts: false, browserName: chrome, browserVersion: 92.0.4515.159, chrome: {chromedriverVersion: 92.0.4515.107 (87a818b10553..., userDataDir: C:\Users\Lenovo\AppData\Loc...}, goog:chromeOptions: {debuggerAddress: localhost:50391}, javascriptEnabled: true, networkConnectionEnabled: false, pageLoadStrategy: normal, platform: WINDOWS, platformName: WINDOWS, proxy: Proxy(), setWindowRect: true, strictFileInteractability: false, timeouts: {implicit: 0, pageLoad: 300000, script: 30000}, unhandledPromptBehavior: dismiss and notify, webauthn:extension:credBlob: true, webauthn:extension:largeBlob: true, webauthn:virtualAuthenticators: true}
Session ID: 6f9429c9d03191d3f8d6d2d60cb1d0f4
For documentation on this error, please visit: https://www.seleniumhq.org/exceptions/no_such_element.html
Build info: version: '3.141.59', revision: 'e82be7d358', time: '2018-11-14T08:17:03'
System info: host: 'DESKTOP-T58IQ4C', ip: '192.168.100.5', os.name: 'Windows 10', os.arch: 'amd64', os.version: '10.0', java.version: '16.0.1'
Driver info: driver.version: unknown
2021-08-31 00:26:01 DEBUG - Got browser profile options from settings file: 
{disable-popup-blocking=true, profile.default_content_settings.popups=0, download.prompt_for_download=false, intl.accept_languages=en, safebrowsing.enabled=true, download.default_directory=//home//selenium//downloads}
2021-08-31 00:26:01 DEBUG - Got browser capabilities from settings file: 
{enableVNC=true}
2021-08-31 00:26:02 DEBUG - Set '15' timeout in seconds for loading of pages
2021-08-31 00:26:02 DEBUG - Set async javascript execution timeout '10' in seconds
2021-08-31 00:26:02 INFO  - Browser 'CHROME' ready...
2021-08-31 00:26:02 INFO  - Navigate to url - 'http://the-internet.herokuapp.com/iframe'
2021-08-31 00:26:07 INFO  - Waiting for page to load
2021-08-31 00:26:07 INFO  - Text Field 'Frame input field' :: Sending keys 'a'
2021-08-31 00:26:07 INFO  - Text Field 'Frame input field' :: Sending key 'Keys.DELETE'
2021-08-31 00:26:08 INFO  - Text Field 'Frame input field' :: Sending keys 'mOjMuiDT'
2021-08-31 00:26:08 INFO  - Text Field 'Frame input field' :: Getting text from element
2021-08-31 00:26:08 INFO  - Text Field 'Frame input field' :: Element's text: [mOjMuiDT]
2021-08-31 00:26:08 INFO  - Text Field 'Frame input field' :: Sending keys 'a'
2021-08-31 00:26:08 INFO  - Button 'Bold button' :: Clicking
2021-08-31 00:26:08 INFO  - Waiting for page to load
